2019-06-17T11:24:40+00:00 CRITICAL syntax error, unexpected '}' in C:\xampp\htdocs\wordpress\wp-content\themes\truewebsite\functions.php on line 446

2019-06-17T11:37:57+00:00 CRITICAL Uncaught Error: Call to undefined function woocommerce_cart_contents() in C:\xampp\htdocs\wordpress\wp-content\themes\truewebsite\page-contact.php:34
Stack trace:
#0 C:\xampp\htdocs\wordpress\wp-includes\template-loader.php(78): include()
#1 C:\xampp\htdocs\wordpress\wp-blog-header.php(19): require_once('C:\\xampp\\htdocs...')
#2 C:\xampp\htdocs\wordpress\index.php(17): require('C:\\xampp\\htdocs...')
#3 {main}
  thrown in C:\xampp\htdocs\wordpress\wp-content\themes\truewebsite\page-contact.php on line 34

2019-06-17T11:37:57+00:00 CRITICAL Uncaught Error: Call to undefined function woocommerce_cart_contents() in C:\xampp\htdocs\wordpress\wp-content\themes\truewebsite\page-contact.php:34
Stack trace:
#0 C:\xampp\htdocs\wordpress\wp-includes\template-loader.php(78): include()
#1 C:\xampp\htdocs\wordpress\wp-blog-header.php(19): require_once('C:\\xampp\\htdocs...')
#2 C:\xampp\htdocs\wordpress\index.php(17): require('C:\\xampp\\htdocs...')
#3 {main}
  thrown in C:\xampp\htdocs\wordpress\wp-content\themes\truewebsite\page-contact.php on line 34

2019-06-17T11:37:57+00:00 CRITICAL Uncaught Error: Call to undefined function woocommerce_cart_contents() in C:\xampp\htdocs\wordpress\wp-content\themes\truewebsite\page-contact.php:34
Stack trace:
#0 C:\xampp\htdocs\wordpress\wp-includes\template-loader.php(78): include()
#1 C:\xampp\htdocs\wordpress\wp-blog-header.php(19): require_once('C:\\xampp\\htdocs...')
#2 C:\xampp\htdocs\wordpress\index.php(17): require('C:\\xampp\\htdocs...')
#3 {main}
  thrown in C:\xampp\htdocs\wordpress\wp-content\themes\truewebsite\page-contact.php on line 34

2019-06-17T11:37:58+00:00 CRITICAL Uncaught Error: Call to undefined function woocommerce_cart_contents() in C:\xampp\htdocs\wordpress\wp-content\themes\truewebsite\page-contact.php:34
Stack trace:
#0 C:\xampp\htdocs\wordpress\wp-includes\template-loader.php(78): include()
#1 C:\xampp\htdocs\wordpress\wp-blog-header.php(19): require_once('C:\\xampp\\htdocs...')
#2 C:\xampp\htdocs\wordpress\index.php(17): require('C:\\xampp\\htdocs...')
#3 {main}
  thrown in C:\xampp\htdocs\wordpress\wp-content\themes\truewebsite\page-contact.php on line 34

2019-06-17T11:37:58+00:00 CRITICAL Uncaught Error: Call to undefined function woocommerce_cart_contents() in C:\xampp\htdocs\wordpress\wp-content\themes\truewebsite\page-contact.php:34
Stack trace:
#0 C:\xampp\htdocs\wordpress\wp-includes\template-loader.php(78): include()
#1 C:\xampp\htdocs\wordpress\wp-blog-header.php(19): require_once('C:\\xampp\\htdocs...')
#2 C:\xampp\htdocs\wordpress\index.php(17): require('C:\\xampp\\htdocs...')
#3 {main}
  thrown in C:\xampp\htdocs\wordpress\wp-content\themes\truewebsite\page-contact.php on line 34

2019-06-17T11:37:59+00:00 CRITICAL Uncaught Error: Call to undefined function woocommerce_cart_contents() in C:\xampp\htdocs\wordpress\wp-content\themes\truewebsite\page-contact.php:34
Stack trace:
#0 C:\xampp\htdocs\wordpress\wp-includes\template-loader.php(78): include()
#1 C:\xampp\htdocs\wordpress\wp-blog-header.php(19): require_once('C:\\xampp\\htdocs...')
#2 C:\xampp\htdocs\wordpress\index.php(17): require('C:\\xampp\\htdocs...')
#3 {main}
  thrown in C:\xampp\htdocs\wordpress\wp-content\themes\truewebsite\page-contact.php on line 34

2019-06-17T11:38:18+00:00 CRITICAL Uncaught Error: Call to undefined function woocommerce_cart() in C:\xampp\htdocs\wordpress\wp-content\themes\truewebsite\page-contact.php:34
Stack trace:
#0 C:\xampp\htdocs\wordpress\wp-includes\template-loader.php(78): include()
#1 C:\xampp\htdocs\wordpress\wp-blog-header.php(19): require_once('C:\\xampp\\htdocs...')
#2 C:\xampp\htdocs\wordpress\index.php(17): require('C:\\xampp\\htdocs...')
#3 {main}
  thrown in C:\xampp\htdocs\wordpress\wp-content\themes\truewebsite\page-contact.php on line 34

2019-06-17T11:38:54+00:00 CRITICAL Uncaught Error: Call to undefined function woocommerce_cart_contents() in C:\xampp\htdocs\wordpress\wp-content\themes\truewebsite\page-contact.php:34
Stack trace:
#0 C:\xampp\htdocs\wordpress\wp-includes\template-loader.php(78): include()
#1 C:\xampp\htdocs\wordpress\wp-blog-header.php(19): require_once('C:\\xampp\\htdocs...')
#2 C:\xampp\htdocs\wordpress\index.php(17): require('C:\\xampp\\htdocs...')
#3 {main}
  thrown in C:\xampp\htdocs\wordpress\wp-content\themes\truewebsite\page-contact.php on line 34

2019-06-17T11:38:55+00:00 CRITICAL Uncaught Error: Call to undefined function woocommerce_cart_contents() in C:\xampp\htdocs\wordpress\wp-content\themes\truewebsite\page-contact.php:34
Stack trace:
#0 C:\xampp\htdocs\wordpress\wp-includes\template-loader.php(78): include()
#1 C:\xampp\htdocs\wordpress\wp-blog-header.php(19): require_once('C:\\xampp\\htdocs...')
#2 C:\xampp\htdocs\wordpress\index.php(17): require('C:\\xampp\\htdocs...')
#3 {main}
  thrown in C:\xampp\htdocs\wordpress\wp-content\themes\truewebsite\page-contact.php on line 34

2019-06-17T11:38:56+00:00 CRITICAL Uncaught Error: Call to undefined function woocommerce_cart_contents() in C:\xampp\htdocs\wordpress\wp-content\themes\truewebsite\page-contact.php:34
Stack trace:
#0 C:\xampp\htdocs\wordpress\wp-includes\template-loader.php(78): include()
#1 C:\xampp\htdocs\wordpress\wp-blog-header.php(19): require_once('C:\\xampp\\htdocs...')
#2 C:\xampp\htdocs\wordpress\index.php(17): require('C:\\xampp\\htdocs...')
#3 {main}
  thrown in C:\xampp\htdocs\wordpress\wp-content\themes\truewebsite\page-contact.php on line 34

2019-06-17T11:39:22+00:00 CRITICAL Uncaught Error: Call to undefined function woocommerce_cart_contents() in C:\xampp\htdocs\wordpress\wp-content\themes\truewebsite\page-contact.php:34
Stack trace:
#0 C:\xampp\htdocs\wordpress\wp-includes\template-loader.php(78): include()
#1 C:\xampp\htdocs\wordpress\wp-blog-header.php(19): require_once('C:\\xampp\\htdocs...')
#2 C:\xampp\htdocs\wordpress\index.php(17): require('C:\\xampp\\htdocs...')
#3 {main}
  thrown in C:\xampp\htdocs\wordpress\wp-content\themes\truewebsite\page-contact.php on line 34

2019-06-17T12:44:32+00:00 CRITICAL Uncaught Error: Call to undefined function woocommerce_cart_total() in C:\xampp\htdocs\wordpress\wp-content\themes\truewebsite\functions.php:456
Stack trace:
#0 C:\xampp\htdocs\wordpress\wp-includes\class-wp-hook.php(286): bbloomer_cart_on_checkout_page_only(Object(WC_Checkout))
#1 C:\xampp\htdocs\wordpress\wp-includes\class-wp-hook.php(310): WP_Hook->apply_filters('', Array)
#2 C:\xampp\htdocs\wordpress\wp-includes\plugin.php(465): WP_Hook->do_action(Array)
#3 C:\xampp\htdocs\wordpress\wp-content\plugins\wp-multi-step-checkout\includes\form-checkout.php(153): do_action('woocommerce_aft...', Object(WC_Checkout))
#4 C:\xampp\htdocs\wordpress\wp-content\plugins\woocommerce\includes\wc-core-functions.php(249): include('C:\\xampp\\htdocs...')
#5 C:\xampp\htdocs\wordpress\wp-content\plugins\woocommerce\includes\shortcodes\class-wc-shortcode-checkout.php(284): wc_get_template('checkout/form-c...', Array)
#6 C:\xampp\htdocs\wordpress\wp-content\plugins\woocommerce\includes\shortcodes\class-wc-shortcode-checkout.php( in C:\xampp\htdocs\wordpress\wp-content\themes\truewebsite\functions.php on line 456

2019-06-17T12:44:33+00:00 CRITICAL Uncaught Error: Call to undefined function woocommerce_cart_total() in C:\xampp\htdocs\wordpress\wp-content\themes\truewebsite\functions.php:456
Stack trace:
#0 C:\xampp\htdocs\wordpress\wp-includes\class-wp-hook.php(286): bbloomer_cart_on_checkout_page_only(Object(WC_Checkout))
#1 C:\xampp\htdocs\wordpress\wp-includes\class-wp-hook.php(310): WP_Hook->apply_filters('', Array)
#2 C:\xampp\htdocs\wordpress\wp-includes\plugin.php(465): WP_Hook->do_action(Array)
#3 C:\xampp\htdocs\wordpress\wp-content\plugins\wp-multi-step-checkout\includes\form-checkout.php(153): do_action('woocommerce_aft...', Object(WC_Checkout))
#4 C:\xampp\htdocs\wordpress\wp-content\plugins\woocommerce\includes\wc-core-functions.php(249): include('C:\\xampp\\htdocs...')
#5 C:\xampp\htdocs\wordpress\wp-content\plugins\woocommerce\includes\shortcodes\class-wc-shortcode-checkout.php(284): wc_get_template('checkout/form-c...', Array)
#6 C:\xampp\htdocs\wordpress\wp-content\plugins\woocommerce\includes\shortcodes\class-wc-shortcode-checkout.php( in C:\xampp\htdocs\wordpress\wp-content\themes\truewebsite\functions.php on line 456

2019-06-17T12:44:33+00:00 CRITICAL Uncaught Error: Call to undefined function woocommerce_cart_total() in C:\xampp\htdocs\wordpress\wp-content\themes\truewebsite\functions.php:456
Stack trace:
#0 C:\xampp\htdocs\wordpress\wp-includes\class-wp-hook.php(286): bbloomer_cart_on_checkout_page_only(Object(WC_Checkout))
#1 C:\xampp\htdocs\wordpress\wp-includes\class-wp-hook.php(310): WP_Hook->apply_filters('', Array)
#2 C:\xampp\htdocs\wordpress\wp-includes\plugin.php(465): WP_Hook->do_action(Array)
#3 C:\xampp\htdocs\wordpress\wp-content\plugins\wp-multi-step-checkout\includes\form-checkout.php(153): do_action('woocommerce_aft...', Object(WC_Checkout))
#4 C:\xampp\htdocs\wordpress\wp-content\plugins\woocommerce\includes\wc-core-functions.php(249): include('C:\\xampp\\htdocs...')
#5 C:\xampp\htdocs\wordpress\wp-content\plugins\woocommerce\includes\shortcodes\class-wc-shortcode-checkout.php(284): wc_get_template('checkout/form-c...', Array)
#6 C:\xampp\htdocs\wordpress\wp-content\plugins\woocommerce\includes\shortcodes\class-wc-shortcode-checkout.php( in C:\xampp\htdocs\wordpress\wp-content\themes\truewebsite\functions.php on line 456

2019-06-17T12:44:34+00:00 CRITICAL Uncaught Error: Call to undefined function woocommerce_cart_total() in C:\xampp\htdocs\wordpress\wp-content\themes\truewebsite\functions.php:456
Stack trace:
#0 C:\xampp\htdocs\wordpress\wp-includes\class-wp-hook.php(286): bbloomer_cart_on_checkout_page_only(Object(WC_Checkout))
#1 C:\xampp\htdocs\wordpress\wp-includes\class-wp-hook.php(310): WP_Hook->apply_filters('', Array)
#2 C:\xampp\htdocs\wordpress\wp-includes\plugin.php(465): WP_Hook->do_action(Array)
#3 C:\xampp\htdocs\wordpress\wp-content\plugins\wp-multi-step-checkout\includes\form-checkout.php(153): do_action('woocommerce_aft...', Object(WC_Checkout))
#4 C:\xampp\htdocs\wordpress\wp-content\plugins\woocommerce\includes\wc-core-functions.php(249): include('C:\\xampp\\htdocs...')
#5 C:\xampp\htdocs\wordpress\wp-content\plugins\woocommerce\includes\shortcodes\class-wc-shortcode-checkout.php(284): wc_get_template('checkout/form-c...', Array)
#6 C:\xampp\htdocs\wordpress\wp-content\plugins\woocommerce\includes\shortcodes\class-wc-shortcode-checkout.php( in C:\xampp\htdocs\wordpress\wp-content\themes\truewebsite\functions.php on line 456

