2019-06-12T14:44:51+00:00 CRITICAL Uncaught Error: Call to undefined function shop_url() in C:\xampp\htdocs\wordpress\wp-content\themes\truewebsite\front-page.php:19
Stack trace:
#0 C:\xampp\htdocs\wordpress\wp-includes\template-loader.php(78): include()
#1 C:\xampp\htdocs\wordpress\wp-blog-header.php(19): require_once('C:\\xampp\\htdocs...')
#2 C:\xampp\htdocs\wordpress\index.php(17): require('C:\\xampp\\htdocs...')
#3 {main}
  thrown in C:\xampp\htdocs\wordpress\wp-content\themes\truewebsite\front-page.php on line 19

2019-06-12T14:44:52+00:00 CRITICAL Uncaught Error: Call to undefined function shop_url() in C:\xampp\htdocs\wordpress\wp-content\themes\truewebsite\front-page.php:19
Stack trace:
#0 C:\xampp\htdocs\wordpress\wp-includes\template-loader.php(78): include()
#1 C:\xampp\htdocs\wordpress\wp-blog-header.php(19): require_once('C:\\xampp\\htdocs...')
#2 C:\xampp\htdocs\wordpress\index.php(17): require('C:\\xampp\\htdocs...')
#3 {main}
  thrown in C:\xampp\htdocs\wordpress\wp-content\themes\truewebsite\front-page.php on line 19

2019-06-12T14:44:52+00:00 CRITICAL Uncaught Error: Call to undefined function shop_url() in C:\xampp\htdocs\wordpress\wp-content\themes\truewebsite\front-page.php:19
Stack trace:
#0 C:\xampp\htdocs\wordpress\wp-includes\template-loader.php(78): include()
#1 C:\xampp\htdocs\wordpress\wp-blog-header.php(19): require_once('C:\\xampp\\htdocs...')
#2 C:\xampp\htdocs\wordpress\index.php(17): require('C:\\xampp\\htdocs...')
#3 {main}
  thrown in C:\xampp\htdocs\wordpress\wp-content\themes\truewebsite\front-page.php on line 19

2019-06-12T14:44:52+00:00 CRITICAL Uncaught Error: Call to undefined function shop_url() in C:\xampp\htdocs\wordpress\wp-content\themes\truewebsite\front-page.php:19
Stack trace:
#0 C:\xampp\htdocs\wordpress\wp-includes\template-loader.php(78): include()
#1 C:\xampp\htdocs\wordpress\wp-blog-header.php(19): require_once('C:\\xampp\\htdocs...')
#2 C:\xampp\htdocs\wordpress\index.php(17): require('C:\\xampp\\htdocs...')
#3 {main}
  thrown in C:\xampp\htdocs\wordpress\wp-content\themes\truewebsite\front-page.php on line 19

2019-06-12T14:44:53+00:00 CRITICAL Uncaught Error: Call to undefined function shop_url() in C:\xampp\htdocs\wordpress\wp-content\themes\truewebsite\front-page.php:19
Stack trace:
#0 C:\xampp\htdocs\wordpress\wp-includes\template-loader.php(78): include()
#1 C:\xampp\htdocs\wordpress\wp-blog-header.php(19): require_once('C:\\xampp\\htdocs...')
#2 C:\xampp\htdocs\wordpress\index.php(17): require('C:\\xampp\\htdocs...')
#3 {main}
  thrown in C:\xampp\htdocs\wordpress\wp-content\themes\truewebsite\front-page.php on line 19

2019-06-12T14:44:53+00:00 CRITICAL Uncaught Error: Call to undefined function shop_url() in C:\xampp\htdocs\wordpress\wp-content\themes\truewebsite\front-page.php:19
Stack trace:
#0 C:\xampp\htdocs\wordpress\wp-includes\template-loader.php(78): include()
#1 C:\xampp\htdocs\wordpress\wp-blog-header.php(19): require_once('C:\\xampp\\htdocs...')
#2 C:\xampp\htdocs\wordpress\index.php(17): require('C:\\xampp\\htdocs...')
#3 {main}
  thrown in C:\xampp\htdocs\wordpress\wp-content\themes\truewebsite\front-page.php on line 19

2019-06-12T14:44:54+00:00 CRITICAL Uncaught Error: Call to undefined function shop_url() in C:\xampp\htdocs\wordpress\wp-content\themes\truewebsite\front-page.php:19
Stack trace:
#0 C:\xampp\htdocs\wordpress\wp-includes\template-loader.php(78): include()
#1 C:\xampp\htdocs\wordpress\wp-blog-header.php(19): require_once('C:\\xampp\\htdocs...')
#2 C:\xampp\htdocs\wordpress\index.php(17): require('C:\\xampp\\htdocs...')
#3 {main}
  thrown in C:\xampp\htdocs\wordpress\wp-content\themes\truewebsite\front-page.php on line 19

2019-06-12T14:53:33+00:00 CRITICAL Uncaught Error: Call to undefined function woocommerce_get_return_url() in C:\xampp\htdocs\wordpress\wp-content\themes\truewebsite\front-page.php:19
Stack trace:
#0 C:\xampp\htdocs\wordpress\wp-includes\template-loader.php(78): include()
#1 C:\xampp\htdocs\wordpress\wp-blog-header.php(19): require_once('C:\\xampp\\htdocs...')
#2 C:\xampp\htdocs\wordpress\index.php(17): require('C:\\xampp\\htdocs...')
#3 {main}
  thrown in C:\xampp\htdocs\wordpress\wp-content\themes\truewebsite\front-page.php on line 19

2019-06-12T14:53:33+00:00 CRITICAL Uncaught Error: Call to undefined function woocommerce_get_return_url() in C:\xampp\htdocs\wordpress\wp-content\themes\truewebsite\front-page.php:19
Stack trace:
#0 C:\xampp\htdocs\wordpress\wp-includes\template-loader.php(78): include()
#1 C:\xampp\htdocs\wordpress\wp-blog-header.php(19): require_once('C:\\xampp\\htdocs...')
#2 C:\xampp\htdocs\wordpress\index.php(17): require('C:\\xampp\\htdocs...')
#3 {main}
  thrown in C:\xampp\htdocs\wordpress\wp-content\themes\truewebsite\front-page.php on line 19

2019-06-12T14:53:34+00:00 CRITICAL Uncaught Error: Call to undefined function woocommerce_get_return_url() in C:\xampp\htdocs\wordpress\wp-content\themes\truewebsite\front-page.php:19
Stack trace:
#0 C:\xampp\htdocs\wordpress\wp-includes\template-loader.php(78): include()
#1 C:\xampp\htdocs\wordpress\wp-blog-header.php(19): require_once('C:\\xampp\\htdocs...')
#2 C:\xampp\htdocs\wordpress\index.php(17): require('C:\\xampp\\htdocs...')
#3 {main}
  thrown in C:\xampp\htdocs\wordpress\wp-content\themes\truewebsite\front-page.php on line 19

2019-06-12T14:53:51+00:00 CRITICAL Uncaught Error: Call to undefined function woocommerce_get_url() in C:\xampp\htdocs\wordpress\wp-content\themes\truewebsite\front-page.php:19
Stack trace:
#0 C:\xampp\htdocs\wordpress\wp-includes\template-loader.php(78): include()
#1 C:\xampp\htdocs\wordpress\wp-blog-header.php(19): require_once('C:\\xampp\\htdocs...')
#2 C:\xampp\htdocs\wordpress\index.php(17): require('C:\\xampp\\htdocs...')
#3 {main}
  thrown in C:\xampp\htdocs\wordpress\wp-content\themes\truewebsite\front-page.php on line 19

2019-06-12T14:54:06+00:00 CRITICAL Uncaught Error: Call to undefined function woocommerce_get_url() in C:\xampp\htdocs\wordpress\wp-content\themes\truewebsite\front-page.php:19
Stack trace:
#0 C:\xampp\htdocs\wordpress\wp-includes\template-loader.php(78): include()
#1 C:\xampp\htdocs\wordpress\wp-blog-header.php(19): require_once('C:\\xampp\\htdocs...')
#2 C:\xampp\htdocs\wordpress\index.php(17): require('C:\\xampp\\htdocs...')
#3 {main}
  thrown in C:\xampp\htdocs\wordpress\wp-content\themes\truewebsite\front-page.php on line 19

2019-06-12T16:13:03+00:00 CRITICAL syntax error, unexpected '<' in C:\xampp\htdocs\wordpress\wp-content\themes\truewebsite\front-page.php on line 47

2019-06-12T16:14:15+00:00 CRITICAL syntax error, unexpected '}', expecting end of file in C:\xampp\htdocs\wordpress\wp-content\themes\truewebsite\front-page.php on line 55

2019-06-12T16:14:22+00:00 CRITICAL syntax error, unexpected '}', expecting end of file in C:\xampp\htdocs\wordpress\wp-content\themes\truewebsite\front-page.php on line 55

2019-06-12T16:40:21+00:00 CRITICAL syntax error, unexpected 'per_page' (T_STRING), expecting ']' in C:\xampp\htdocs\wordpress\wp-content\themes\truewebsite\front-page.php on line 28

2019-06-12T16:42:36+00:00 CRITICAL syntax error, unexpected 'per_page' (T_STRING), expecting ']' in C:\xampp\htdocs\wordpress\wp-content\themes\truewebsite\front-page.php on line 28

2019-06-12T16:42:37+00:00 CRITICAL syntax error, unexpected 'per_page' (T_STRING), expecting ']' in C:\xampp\htdocs\wordpress\wp-content\themes\truewebsite\front-page.php on line 28

2019-06-12T16:42:37+00:00 CRITICAL syntax error, unexpected 'per_page' (T_STRING), expecting ']' in C:\xampp\htdocs\wordpress\wp-content\themes\truewebsite\front-page.php on line 28

2019-06-12T16:42:37+00:00 CRITICAL syntax error, unexpected 'per_page' (T_STRING), expecting ']' in C:\xampp\htdocs\wordpress\wp-content\themes\truewebsite\front-page.php on line 28

2019-06-12T16:42:37+00:00 CRITICAL syntax error, unexpected 'per_page' (T_STRING), expecting ']' in C:\xampp\htdocs\wordpress\wp-content\themes\truewebsite\front-page.php on line 28

2019-06-12T16:42:51+00:00 CRITICAL syntax error, unexpected 'per_page' (T_STRING), expecting ']' in C:\xampp\htdocs\wordpress\wp-content\themes\truewebsite\front-page.php on line 28

2019-06-12T16:42:57+00:00 CRITICAL syntax error, unexpected 'per_page' (T_STRING), expecting ']' in C:\xampp\htdocs\wordpress\wp-content\themes\truewebsite\front-page.php on line 28

