2019-06-25T12:38:33+00:00 CRITICAL Out of memory (allocated 25165824) (tried to allocate 32768 bytes) in C:\xampp\htdocs\wordpress\wp-content\plugins\woocommerce\includes\wc-template-functions.php on line 870

2019-06-25T12:38:33+00:00 CRITICAL Out of memory (allocated 25165824) (tried to allocate 32768 bytes) in C:\xampp\htdocs\wordpress\wp-content\plugins\woocommerce\includes\wc-template-functions.php on line 870

2019-06-25T12:38:33+00:00 CRITICAL Out of memory (allocated 25165824) (tried to allocate 32768 bytes) in C:\xampp\htdocs\wordpress\wp-content\plugins\woocommerce\includes\wc-template-functions.php on line 870

2019-06-25T13:42:09+00:00 CRITICAL Uncaught ArgumentCountError: Too few arguments to function wc_get_products(), 0 passed in C:\xampp\htdocs\wordpress\wp-content\themes\truewebsite\front-page.php on line 27 and exactly 1 expected in C:\xampp\htdocs\wordpress\wp-content\plugins\woocommerce\includes\wc-product-functions.php:26
Stack trace:
#0 C:\xampp\htdocs\wordpress\wp-content\themes\truewebsite\front-page.php(27): wc_get_products()
#1 C:\xampp\htdocs\wordpress\wp-includes\template-loader.php(78): include('C:\\xampp\\htdocs...')
#2 C:\xampp\htdocs\wordpress\wp-blog-header.php(19): require_once('C:\\xampp\\htdocs...')
#3 C:\xampp\htdocs\wordpress\index.php(17): require('C:\\xampp\\htdocs...')
#4 {main}
  thrown in C:\xampp\htdocs\wordpress\wp-content\plugins\woocommerce\includes\wc-product-functions.php on line 26

2019-06-25T13:42:09+00:00 CRITICAL Uncaught ArgumentCountError: Too few arguments to function wc_get_products(), 0 passed in C:\xampp\htdocs\wordpress\wp-content\themes\truewebsite\front-page.php on line 27 and exactly 1 expected in C:\xampp\htdocs\wordpress\wp-content\plugins\woocommerce\includes\wc-product-functions.php:26
Stack trace:
#0 C:\xampp\htdocs\wordpress\wp-content\themes\truewebsite\front-page.php(27): wc_get_products()
#1 C:\xampp\htdocs\wordpress\wp-includes\template-loader.php(78): include('C:\\xampp\\htdocs...')
#2 C:\xampp\htdocs\wordpress\wp-blog-header.php(19): require_once('C:\\xampp\\htdocs...')
#3 C:\xampp\htdocs\wordpress\index.php(17): require('C:\\xampp\\htdocs...')
#4 {main}
  thrown in C:\xampp\htdocs\wordpress\wp-content\plugins\woocommerce\includes\wc-product-functions.php on line 26

2019-06-25T13:42:10+00:00 CRITICAL Uncaught ArgumentCountError: Too few arguments to function wc_get_products(), 0 passed in C:\xampp\htdocs\wordpress\wp-content\themes\truewebsite\front-page.php on line 27 and exactly 1 expected in C:\xampp\htdocs\wordpress\wp-content\plugins\woocommerce\includes\wc-product-functions.php:26
Stack trace:
#0 C:\xampp\htdocs\wordpress\wp-content\themes\truewebsite\front-page.php(27): wc_get_products()
#1 C:\xampp\htdocs\wordpress\wp-includes\template-loader.php(78): include('C:\\xampp\\htdocs...')
#2 C:\xampp\htdocs\wordpress\wp-blog-header.php(19): require_once('C:\\xampp\\htdocs...')
#3 C:\xampp\htdocs\wordpress\index.php(17): require('C:\\xampp\\htdocs...')
#4 {main}
  thrown in C:\xampp\htdocs\wordpress\wp-content\plugins\woocommerce\includes\wc-product-functions.php on line 26

2019-06-25T13:42:11+00:00 CRITICAL Uncaught ArgumentCountError: Too few arguments to function wc_get_products(), 0 passed in C:\xampp\htdocs\wordpress\wp-content\themes\truewebsite\front-page.php on line 27 and exactly 1 expected in C:\xampp\htdocs\wordpress\wp-content\plugins\woocommerce\includes\wc-product-functions.php:26
Stack trace:
#0 C:\xampp\htdocs\wordpress\wp-content\themes\truewebsite\front-page.php(27): wc_get_products()
#1 C:\xampp\htdocs\wordpress\wp-includes\template-loader.php(78): include('C:\\xampp\\htdocs...')
#2 C:\xampp\htdocs\wordpress\wp-blog-header.php(19): require_once('C:\\xampp\\htdocs...')
#3 C:\xampp\htdocs\wordpress\index.php(17): require('C:\\xampp\\htdocs...')
#4 {main}
  thrown in C:\xampp\htdocs\wordpress\wp-content\plugins\woocommerce\includes\wc-product-functions.php on line 26

2019-06-25T13:42:11+00:00 CRITICAL Uncaught ArgumentCountError: Too few arguments to function wc_get_products(), 0 passed in C:\xampp\htdocs\wordpress\wp-content\themes\truewebsite\front-page.php on line 27 and exactly 1 expected in C:\xampp\htdocs\wordpress\wp-content\plugins\woocommerce\includes\wc-product-functions.php:26
Stack trace:
#0 C:\xampp\htdocs\wordpress\wp-content\themes\truewebsite\front-page.php(27): wc_get_products()
#1 C:\xampp\htdocs\wordpress\wp-includes\template-loader.php(78): include('C:\\xampp\\htdocs...')
#2 C:\xampp\htdocs\wordpress\wp-blog-header.php(19): require_once('C:\\xampp\\htdocs...')
#3 C:\xampp\htdocs\wordpress\index.php(17): require('C:\\xampp\\htdocs...')
#4 {main}
  thrown in C:\xampp\htdocs\wordpress\wp-content\plugins\woocommerce\includes\wc-product-functions.php on line 26

2019-06-25T13:42:12+00:00 CRITICAL Uncaught ArgumentCountError: Too few arguments to function wc_get_products(), 0 passed in C:\xampp\htdocs\wordpress\wp-content\themes\truewebsite\front-page.php on line 27 and exactly 1 expected in C:\xampp\htdocs\wordpress\wp-content\plugins\woocommerce\includes\wc-product-functions.php:26
Stack trace:
#0 C:\xampp\htdocs\wordpress\wp-content\themes\truewebsite\front-page.php(27): wc_get_products()
#1 C:\xampp\htdocs\wordpress\wp-includes\template-loader.php(78): include('C:\\xampp\\htdocs...')
#2 C:\xampp\htdocs\wordpress\wp-blog-header.php(19): require_once('C:\\xampp\\htdocs...')
#3 C:\xampp\htdocs\wordpress\index.php(17): require('C:\\xampp\\htdocs...')
#4 {main}
  thrown in C:\xampp\htdocs\wordpress\wp-content\plugins\woocommerce\includes\wc-product-functions.php on line 26

2019-06-25T13:42:12+00:00 CRITICAL Uncaught ArgumentCountError: Too few arguments to function wc_get_products(), 0 passed in C:\xampp\htdocs\wordpress\wp-content\themes\truewebsite\front-page.php on line 27 and exactly 1 expected in C:\xampp\htdocs\wordpress\wp-content\plugins\woocommerce\includes\wc-product-functions.php:26
Stack trace:
#0 C:\xampp\htdocs\wordpress\wp-content\themes\truewebsite\front-page.php(27): wc_get_products()
#1 C:\xampp\htdocs\wordpress\wp-includes\template-loader.php(78): include('C:\\xampp\\htdocs...')
#2 C:\xampp\htdocs\wordpress\wp-blog-header.php(19): require_once('C:\\xampp\\htdocs...')
#3 C:\xampp\htdocs\wordpress\index.php(17): require('C:\\xampp\\htdocs...')
#4 {main}
  thrown in C:\xampp\htdocs\wordpress\wp-content\plugins\woocommerce\includes\wc-product-functions.php on line 26

2019-06-25T13:42:12+00:00 CRITICAL Uncaught ArgumentCountError: Too few arguments to function wc_get_products(), 0 passed in C:\xampp\htdocs\wordpress\wp-content\themes\truewebsite\front-page.php on line 27 and exactly 1 expected in C:\xampp\htdocs\wordpress\wp-content\plugins\woocommerce\includes\wc-product-functions.php:26
Stack trace:
#0 C:\xampp\htdocs\wordpress\wp-content\themes\truewebsite\front-page.php(27): wc_get_products()
#1 C:\xampp\htdocs\wordpress\wp-includes\template-loader.php(78): include('C:\\xampp\\htdocs...')
#2 C:\xampp\htdocs\wordpress\wp-blog-header.php(19): require_once('C:\\xampp\\htdocs...')
#3 C:\xampp\htdocs\wordpress\index.php(17): require('C:\\xampp\\htdocs...')
#4 {main}
  thrown in C:\xampp\htdocs\wordpress\wp-content\plugins\woocommerce\includes\wc-product-functions.php on line 26

2019-06-25T13:42:12+00:00 CRITICAL Uncaught ArgumentCountError: Too few arguments to function wc_get_products(), 0 passed in C:\xampp\htdocs\wordpress\wp-content\themes\truewebsite\front-page.php on line 27 and exactly 1 expected in C:\xampp\htdocs\wordpress\wp-content\plugins\woocommerce\includes\wc-product-functions.php:26
Stack trace:
#0 C:\xampp\htdocs\wordpress\wp-content\themes\truewebsite\front-page.php(27): wc_get_products()
#1 C:\xampp\htdocs\wordpress\wp-includes\template-loader.php(78): include('C:\\xampp\\htdocs...')
#2 C:\xampp\htdocs\wordpress\wp-blog-header.php(19): require_once('C:\\xampp\\htdocs...')
#3 C:\xampp\htdocs\wordpress\index.php(17): require('C:\\xampp\\htdocs...')
#4 {main}
  thrown in C:\xampp\htdocs\wordpress\wp-content\plugins\woocommerce\includes\wc-product-functions.php on line 26

2019-06-25T13:42:13+00:00 CRITICAL Uncaught ArgumentCountError: Too few arguments to function wc_get_products(), 0 passed in C:\xampp\htdocs\wordpress\wp-content\themes\truewebsite\front-page.php on line 27 and exactly 1 expected in C:\xampp\htdocs\wordpress\wp-content\plugins\woocommerce\includes\wc-product-functions.php:26
Stack trace:
#0 C:\xampp\htdocs\wordpress\wp-content\themes\truewebsite\front-page.php(27): wc_get_products()
#1 C:\xampp\htdocs\wordpress\wp-includes\template-loader.php(78): include('C:\\xampp\\htdocs...')
#2 C:\xampp\htdocs\wordpress\wp-blog-header.php(19): require_once('C:\\xampp\\htdocs...')
#3 C:\xampp\htdocs\wordpress\index.php(17): require('C:\\xampp\\htdocs...')
#4 {main}
  thrown in C:\xampp\htdocs\wordpress\wp-content\plugins\woocommerce\includes\wc-product-functions.php on line 26

2019-06-25T13:42:13+00:00 CRITICAL Uncaught ArgumentCountError: Too few arguments to function wc_get_products(), 0 passed in C:\xampp\htdocs\wordpress\wp-content\themes\truewebsite\front-page.php on line 27 and exactly 1 expected in C:\xampp\htdocs\wordpress\wp-content\plugins\woocommerce\includes\wc-product-functions.php:26
Stack trace:
#0 C:\xampp\htdocs\wordpress\wp-content\themes\truewebsite\front-page.php(27): wc_get_products()
#1 C:\xampp\htdocs\wordpress\wp-includes\template-loader.php(78): include('C:\\xampp\\htdocs...')
#2 C:\xampp\htdocs\wordpress\wp-blog-header.php(19): require_once('C:\\xampp\\htdocs...')
#3 C:\xampp\htdocs\wordpress\index.php(17): require('C:\\xampp\\htdocs...')
#4 {main}
  thrown in C:\xampp\htdocs\wordpress\wp-content\plugins\woocommerce\includes\wc-product-functions.php on line 26

2019-06-25T13:42:14+00:00 CRITICAL Uncaught ArgumentCountError: Too few arguments to function wc_get_products(), 0 passed in C:\xampp\htdocs\wordpress\wp-content\themes\truewebsite\front-page.php on line 27 and exactly 1 expected in C:\xampp\htdocs\wordpress\wp-content\plugins\woocommerce\includes\wc-product-functions.php:26
Stack trace:
#0 C:\xampp\htdocs\wordpress\wp-content\themes\truewebsite\front-page.php(27): wc_get_products()
#1 C:\xampp\htdocs\wordpress\wp-includes\template-loader.php(78): include('C:\\xampp\\htdocs...')
#2 C:\xampp\htdocs\wordpress\wp-blog-header.php(19): require_once('C:\\xampp\\htdocs...')
#3 C:\xampp\htdocs\wordpress\index.php(17): require('C:\\xampp\\htdocs...')
#4 {main}
  thrown in C:\xampp\htdocs\wordpress\wp-content\plugins\woocommerce\includes\wc-product-functions.php on line 26

2019-06-25T13:42:14+00:00 CRITICAL Uncaught ArgumentCountError: Too few arguments to function wc_get_products(), 0 passed in C:\xampp\htdocs\wordpress\wp-content\themes\truewebsite\front-page.php on line 27 and exactly 1 expected in C:\xampp\htdocs\wordpress\wp-content\plugins\woocommerce\includes\wc-product-functions.php:26
Stack trace:
#0 C:\xampp\htdocs\wordpress\wp-content\themes\truewebsite\front-page.php(27): wc_get_products()
#1 C:\xampp\htdocs\wordpress\wp-includes\template-loader.php(78): include('C:\\xampp\\htdocs...')
#2 C:\xampp\htdocs\wordpress\wp-blog-header.php(19): require_once('C:\\xampp\\htdocs...')
#3 C:\xampp\htdocs\wordpress\index.php(17): require('C:\\xampp\\htdocs...')
#4 {main}
  thrown in C:\xampp\htdocs\wordpress\wp-content\plugins\woocommerce\includes\wc-product-functions.php on line 26

2019-06-25T13:42:15+00:00 CRITICAL Uncaught ArgumentCountError: Too few arguments to function wc_get_products(), 0 passed in C:\xampp\htdocs\wordpress\wp-content\themes\truewebsite\front-page.php on line 27 and exactly 1 expected in C:\xampp\htdocs\wordpress\wp-content\plugins\woocommerce\includes\wc-product-functions.php:26
Stack trace:
#0 C:\xampp\htdocs\wordpress\wp-content\themes\truewebsite\front-page.php(27): wc_get_products()
#1 C:\xampp\htdocs\wordpress\wp-includes\template-loader.php(78): include('C:\\xampp\\htdocs...')
#2 C:\xampp\htdocs\wordpress\wp-blog-header.php(19): require_once('C:\\xampp\\htdocs...')
#3 C:\xampp\htdocs\wordpress\index.php(17): require('C:\\xampp\\htdocs...')
#4 {main}
  thrown in C:\xampp\htdocs\wordpress\wp-content\plugins\woocommerce\includes\wc-product-functions.php on line 26

2019-06-25T13:42:15+00:00 CRITICAL Uncaught ArgumentCountError: Too few arguments to function wc_get_products(), 0 passed in C:\xampp\htdocs\wordpress\wp-content\themes\truewebsite\front-page.php on line 27 and exactly 1 expected in C:\xampp\htdocs\wordpress\wp-content\plugins\woocommerce\includes\wc-product-functions.php:26
Stack trace:
#0 C:\xampp\htdocs\wordpress\wp-content\themes\truewebsite\front-page.php(27): wc_get_products()
#1 C:\xampp\htdocs\wordpress\wp-includes\template-loader.php(78): include('C:\\xampp\\htdocs...')
#2 C:\xampp\htdocs\wordpress\wp-blog-header.php(19): require_once('C:\\xampp\\htdocs...')
#3 C:\xampp\htdocs\wordpress\index.php(17): require('C:\\xampp\\htdocs...')
#4 {main}
  thrown in C:\xampp\htdocs\wordpress\wp-content\plugins\woocommerce\includes\wc-product-functions.php on line 26

2019-06-25T13:42:16+00:00 CRITICAL Uncaught ArgumentCountError: Too few arguments to function wc_get_products(), 0 passed in C:\xampp\htdocs\wordpress\wp-content\themes\truewebsite\front-page.php on line 27 and exactly 1 expected in C:\xampp\htdocs\wordpress\wp-content\plugins\woocommerce\includes\wc-product-functions.php:26
Stack trace:
#0 C:\xampp\htdocs\wordpress\wp-content\themes\truewebsite\front-page.php(27): wc_get_products()
#1 C:\xampp\htdocs\wordpress\wp-includes\template-loader.php(78): include('C:\\xampp\\htdocs...')
#2 C:\xampp\htdocs\wordpress\wp-blog-header.php(19): require_once('C:\\xampp\\htdocs...')
#3 C:\xampp\htdocs\wordpress\index.php(17): require('C:\\xampp\\htdocs...')
#4 {main}
  thrown in C:\xampp\htdocs\wordpress\wp-content\plugins\woocommerce\includes\wc-product-functions.php on line 26

2019-06-25T13:42:16+00:00 CRITICAL Uncaught ArgumentCountError: Too few arguments to function wc_get_products(), 0 passed in C:\xampp\htdocs\wordpress\wp-content\themes\truewebsite\front-page.php on line 27 and exactly 1 expected in C:\xampp\htdocs\wordpress\wp-content\plugins\woocommerce\includes\wc-product-functions.php:26
Stack trace:
#0 C:\xampp\htdocs\wordpress\wp-content\themes\truewebsite\front-page.php(27): wc_get_products()
#1 C:\xampp\htdocs\wordpress\wp-includes\template-loader.php(78): include('C:\\xampp\\htdocs...')
#2 C:\xampp\htdocs\wordpress\wp-blog-header.php(19): require_once('C:\\xampp\\htdocs...')
#3 C:\xampp\htdocs\wordpress\index.php(17): require('C:\\xampp\\htdocs...')
#4 {main}
  thrown in C:\xampp\htdocs\wordpress\wp-content\plugins\woocommerce\includes\wc-product-functions.php on line 26

2019-06-25T13:42:17+00:00 CRITICAL Uncaught ArgumentCountError: Too few arguments to function wc_get_products(), 0 passed in C:\xampp\htdocs\wordpress\wp-content\themes\truewebsite\front-page.php on line 27 and exactly 1 expected in C:\xampp\htdocs\wordpress\wp-content\plugins\woocommerce\includes\wc-product-functions.php:26
Stack trace:
#0 C:\xampp\htdocs\wordpress\wp-content\themes\truewebsite\front-page.php(27): wc_get_products()
#1 C:\xampp\htdocs\wordpress\wp-includes\template-loader.php(78): include('C:\\xampp\\htdocs...')
#2 C:\xampp\htdocs\wordpress\wp-blog-header.php(19): require_once('C:\\xampp\\htdocs...')
#3 C:\xampp\htdocs\wordpress\index.php(17): require('C:\\xampp\\htdocs...')
#4 {main}
  thrown in C:\xampp\htdocs\wordpress\wp-content\plugins\woocommerce\includes\wc-product-functions.php on line 26

2019-06-25T13:42:17+00:00 CRITICAL Uncaught ArgumentCountError: Too few arguments to function wc_get_products(), 0 passed in C:\xampp\htdocs\wordpress\wp-content\themes\truewebsite\front-page.php on line 27 and exactly 1 expected in C:\xampp\htdocs\wordpress\wp-content\plugins\woocommerce\includes\wc-product-functions.php:26
Stack trace:
#0 C:\xampp\htdocs\wordpress\wp-content\themes\truewebsite\front-page.php(27): wc_get_products()
#1 C:\xampp\htdocs\wordpress\wp-includes\template-loader.php(78): include('C:\\xampp\\htdocs...')
#2 C:\xampp\htdocs\wordpress\wp-blog-header.php(19): require_once('C:\\xampp\\htdocs...')
#3 C:\xampp\htdocs\wordpress\index.php(17): require('C:\\xampp\\htdocs...')
#4 {main}
  thrown in C:\xampp\htdocs\wordpress\wp-content\plugins\woocommerce\includes\wc-product-functions.php on line 26

2019-06-25T13:42:17+00:00 CRITICAL Uncaught ArgumentCountError: Too few arguments to function wc_get_products(), 0 passed in C:\xampp\htdocs\wordpress\wp-content\themes\truewebsite\front-page.php on line 27 and exactly 1 expected in C:\xampp\htdocs\wordpress\wp-content\plugins\woocommerce\includes\wc-product-functions.php:26
Stack trace:
#0 C:\xampp\htdocs\wordpress\wp-content\themes\truewebsite\front-page.php(27): wc_get_products()
#1 C:\xampp\htdocs\wordpress\wp-includes\template-loader.php(78): include('C:\\xampp\\htdocs...')
#2 C:\xampp\htdocs\wordpress\wp-blog-header.php(19): require_once('C:\\xampp\\htdocs...')
#3 C:\xampp\htdocs\wordpress\index.php(17): require('C:\\xampp\\htdocs...')
#4 {main}
  thrown in C:\xampp\htdocs\wordpress\wp-content\plugins\woocommerce\includes\wc-product-functions.php on line 26

2019-06-25T13:42:17+00:00 CRITICAL Uncaught ArgumentCountError: Too few arguments to function wc_get_products(), 0 passed in C:\xampp\htdocs\wordpress\wp-content\themes\truewebsite\front-page.php on line 27 and exactly 1 expected in C:\xampp\htdocs\wordpress\wp-content\plugins\woocommerce\includes\wc-product-functions.php:26
Stack trace:
#0 C:\xampp\htdocs\wordpress\wp-content\themes\truewebsite\front-page.php(27): wc_get_products()
#1 C:\xampp\htdocs\wordpress\wp-includes\template-loader.php(78): include('C:\\xampp\\htdocs...')
#2 C:\xampp\htdocs\wordpress\wp-blog-header.php(19): require_once('C:\\xampp\\htdocs...')
#3 C:\xampp\htdocs\wordpress\index.php(17): require('C:\\xampp\\htdocs...')
#4 {main}
  thrown in C:\xampp\htdocs\wordpress\wp-content\plugins\woocommerce\includes\wc-product-functions.php on line 26

2019-06-25T13:42:18+00:00 CRITICAL Uncaught ArgumentCountError: Too few arguments to function wc_get_products(), 0 passed in C:\xampp\htdocs\wordpress\wp-content\themes\truewebsite\front-page.php on line 27 and exactly 1 expected in C:\xampp\htdocs\wordpress\wp-content\plugins\woocommerce\includes\wc-product-functions.php:26
Stack trace:
#0 C:\xampp\htdocs\wordpress\wp-content\themes\truewebsite\front-page.php(27): wc_get_products()
#1 C:\xampp\htdocs\wordpress\wp-includes\template-loader.php(78): include('C:\\xampp\\htdocs...')
#2 C:\xampp\htdocs\wordpress\wp-blog-header.php(19): require_once('C:\\xampp\\htdocs...')
#3 C:\xampp\htdocs\wordpress\index.php(17): require('C:\\xampp\\htdocs...')
#4 {main}
  thrown in C:\xampp\htdocs\wordpress\wp-content\plugins\woocommerce\includes\wc-product-functions.php on line 26

2019-06-25T13:42:18+00:00 CRITICAL Uncaught ArgumentCountError: Too few arguments to function wc_get_products(), 0 passed in C:\xampp\htdocs\wordpress\wp-content\themes\truewebsite\front-page.php on line 27 and exactly 1 expected in C:\xampp\htdocs\wordpress\wp-content\plugins\woocommerce\includes\wc-product-functions.php:26
Stack trace:
#0 C:\xampp\htdocs\wordpress\wp-content\themes\truewebsite\front-page.php(27): wc_get_products()
#1 C:\xampp\htdocs\wordpress\wp-includes\template-loader.php(78): include('C:\\xampp\\htdocs...')
#2 C:\xampp\htdocs\wordpress\wp-blog-header.php(19): require_once('C:\\xampp\\htdocs...')
#3 C:\xampp\htdocs\wordpress\index.php(17): require('C:\\xampp\\htdocs...')
#4 {main}
  thrown in C:\xampp\htdocs\wordpress\wp-content\plugins\woocommerce\includes\wc-product-functions.php on line 26

2019-06-25T13:42:19+00:00 CRITICAL Uncaught ArgumentCountError: Too few arguments to function wc_get_products(), 0 passed in C:\xampp\htdocs\wordpress\wp-content\themes\truewebsite\front-page.php on line 27 and exactly 1 expected in C:\xampp\htdocs\wordpress\wp-content\plugins\woocommerce\includes\wc-product-functions.php:26
Stack trace:
#0 C:\xampp\htdocs\wordpress\wp-content\themes\truewebsite\front-page.php(27): wc_get_products()
#1 C:\xampp\htdocs\wordpress\wp-includes\template-loader.php(78): include('C:\\xampp\\htdocs...')
#2 C:\xampp\htdocs\wordpress\wp-blog-header.php(19): require_once('C:\\xampp\\htdocs...')
#3 C:\xampp\htdocs\wordpress\index.php(17): require('C:\\xampp\\htdocs...')
#4 {main}
  thrown in C:\xampp\htdocs\wordpress\wp-content\plugins\woocommerce\includes\wc-product-functions.php on line 26

2019-06-25T13:42:19+00:00 CRITICAL Uncaught ArgumentCountError: Too few arguments to function wc_get_products(), 0 passed in C:\xampp\htdocs\wordpress\wp-content\themes\truewebsite\front-page.php on line 27 and exactly 1 expected in C:\xampp\htdocs\wordpress\wp-content\plugins\woocommerce\includes\wc-product-functions.php:26
Stack trace:
#0 C:\xampp\htdocs\wordpress\wp-content\themes\truewebsite\front-page.php(27): wc_get_products()
#1 C:\xampp\htdocs\wordpress\wp-includes\template-loader.php(78): include('C:\\xampp\\htdocs...')
#2 C:\xampp\htdocs\wordpress\wp-blog-header.php(19): require_once('C:\\xampp\\htdocs...')
#3 C:\xampp\htdocs\wordpress\index.php(17): require('C:\\xampp\\htdocs...')
#4 {main}
  thrown in C:\xampp\htdocs\wordpress\wp-content\plugins\woocommerce\includes\wc-product-functions.php on line 26

2019-06-25T13:42:19+00:00 CRITICAL Uncaught ArgumentCountError: Too few arguments to function wc_get_products(), 0 passed in C:\xampp\htdocs\wordpress\wp-content\themes\truewebsite\front-page.php on line 27 and exactly 1 expected in C:\xampp\htdocs\wordpress\wp-content\plugins\woocommerce\includes\wc-product-functions.php:26
Stack trace:
#0 C:\xampp\htdocs\wordpress\wp-content\themes\truewebsite\front-page.php(27): wc_get_products()
#1 C:\xampp\htdocs\wordpress\wp-includes\template-loader.php(78): include('C:\\xampp\\htdocs...')
#2 C:\xampp\htdocs\wordpress\wp-blog-header.php(19): require_once('C:\\xampp\\htdocs...')
#3 C:\xampp\htdocs\wordpress\index.php(17): require('C:\\xampp\\htdocs...')
#4 {main}
  thrown in C:\xampp\htdocs\wordpress\wp-content\plugins\woocommerce\includes\wc-product-functions.php on line 26

2019-06-25T13:42:20+00:00 CRITICAL Uncaught ArgumentCountError: Too few arguments to function wc_get_products(), 0 passed in C:\xampp\htdocs\wordpress\wp-content\themes\truewebsite\front-page.php on line 27 and exactly 1 expected in C:\xampp\htdocs\wordpress\wp-content\plugins\woocommerce\includes\wc-product-functions.php:26
Stack trace:
#0 C:\xampp\htdocs\wordpress\wp-content\themes\truewebsite\front-page.php(27): wc_get_products()
#1 C:\xampp\htdocs\wordpress\wp-includes\template-loader.php(78): include('C:\\xampp\\htdocs...')
#2 C:\xampp\htdocs\wordpress\wp-blog-header.php(19): require_once('C:\\xampp\\htdocs...')
#3 C:\xampp\htdocs\wordpress\index.php(17): require('C:\\xampp\\htdocs...')
#4 {main}
  thrown in C:\xampp\htdocs\wordpress\wp-content\plugins\woocommerce\includes\wc-product-functions.php on line 26

2019-06-25T13:42:20+00:00 CRITICAL Uncaught ArgumentCountError: Too few arguments to function wc_get_products(), 0 passed in C:\xampp\htdocs\wordpress\wp-content\themes\truewebsite\front-page.php on line 27 and exactly 1 expected in C:\xampp\htdocs\wordpress\wp-content\plugins\woocommerce\includes\wc-product-functions.php:26
Stack trace:
#0 C:\xampp\htdocs\wordpress\wp-content\themes\truewebsite\front-page.php(27): wc_get_products()
#1 C:\xampp\htdocs\wordpress\wp-includes\template-loader.php(78): include('C:\\xampp\\htdocs...')
#2 C:\xampp\htdocs\wordpress\wp-blog-header.php(19): require_once('C:\\xampp\\htdocs...')
#3 C:\xampp\htdocs\wordpress\index.php(17): require('C:\\xampp\\htdocs...')
#4 {main}
  thrown in C:\xampp\htdocs\wordpress\wp-content\plugins\woocommerce\includes\wc-product-functions.php on line 26

2019-06-25T13:42:20+00:00 CRITICAL Uncaught ArgumentCountError: Too few arguments to function wc_get_products(), 0 passed in C:\xampp\htdocs\wordpress\wp-content\themes\truewebsite\front-page.php on line 27 and exactly 1 expected in C:\xampp\htdocs\wordpress\wp-content\plugins\woocommerce\includes\wc-product-functions.php:26
Stack trace:
#0 C:\xampp\htdocs\wordpress\wp-content\themes\truewebsite\front-page.php(27): wc_get_products()
#1 C:\xampp\htdocs\wordpress\wp-includes\template-loader.php(78): include('C:\\xampp\\htdocs...')
#2 C:\xampp\htdocs\wordpress\wp-blog-header.php(19): require_once('C:\\xampp\\htdocs...')
#3 C:\xampp\htdocs\wordpress\index.php(17): require('C:\\xampp\\htdocs...')
#4 {main}
  thrown in C:\xampp\htdocs\wordpress\wp-content\plugins\woocommerce\includes\wc-product-functions.php on line 26

2019-06-25T13:42:21+00:00 CRITICAL Uncaught ArgumentCountError: Too few arguments to function wc_get_products(), 0 passed in C:\xampp\htdocs\wordpress\wp-content\themes\truewebsite\front-page.php on line 27 and exactly 1 expected in C:\xampp\htdocs\wordpress\wp-content\plugins\woocommerce\includes\wc-product-functions.php:26
Stack trace:
#0 C:\xampp\htdocs\wordpress\wp-content\themes\truewebsite\front-page.php(27): wc_get_products()
#1 C:\xampp\htdocs\wordpress\wp-includes\template-loader.php(78): include('C:\\xampp\\htdocs...')
#2 C:\xampp\htdocs\wordpress\wp-blog-header.php(19): require_once('C:\\xampp\\htdocs...')
#3 C:\xampp\htdocs\wordpress\index.php(17): require('C:\\xampp\\htdocs...')
#4 {main}
  thrown in C:\xampp\htdocs\wordpress\wp-content\plugins\woocommerce\includes\wc-product-functions.php on line 26

2019-06-25T13:42:21+00:00 CRITICAL Uncaught ArgumentCountError: Too few arguments to function wc_get_products(), 0 passed in C:\xampp\htdocs\wordpress\wp-content\themes\truewebsite\front-page.php on line 27 and exactly 1 expected in C:\xampp\htdocs\wordpress\wp-content\plugins\woocommerce\includes\wc-product-functions.php:26
Stack trace:
#0 C:\xampp\htdocs\wordpress\wp-content\themes\truewebsite\front-page.php(27): wc_get_products()
#1 C:\xampp\htdocs\wordpress\wp-includes\template-loader.php(78): include('C:\\xampp\\htdocs...')
#2 C:\xampp\htdocs\wordpress\wp-blog-header.php(19): require_once('C:\\xampp\\htdocs...')
#3 C:\xampp\htdocs\wordpress\index.php(17): require('C:\\xampp\\htdocs...')
#4 {main}
  thrown in C:\xampp\htdocs\wordpress\wp-content\plugins\woocommerce\includes\wc-product-functions.php on line 26

2019-06-25T13:42:21+00:00 CRITICAL Uncaught ArgumentCountError: Too few arguments to function wc_get_products(), 0 passed in C:\xampp\htdocs\wordpress\wp-content\themes\truewebsite\front-page.php on line 27 and exactly 1 expected in C:\xampp\htdocs\wordpress\wp-content\plugins\woocommerce\includes\wc-product-functions.php:26
Stack trace:
#0 C:\xampp\htdocs\wordpress\wp-content\themes\truewebsite\front-page.php(27): wc_get_products()
#1 C:\xampp\htdocs\wordpress\wp-includes\template-loader.php(78): include('C:\\xampp\\htdocs...')
#2 C:\xampp\htdocs\wordpress\wp-blog-header.php(19): require_once('C:\\xampp\\htdocs...')
#3 C:\xampp\htdocs\wordpress\index.php(17): require('C:\\xampp\\htdocs...')
#4 {main}
  thrown in C:\xampp\htdocs\wordpress\wp-content\plugins\woocommerce\includes\wc-product-functions.php on line 26

2019-06-25T13:42:22+00:00 CRITICAL Uncaught ArgumentCountError: Too few arguments to function wc_get_products(), 0 passed in C:\xampp\htdocs\wordpress\wp-content\themes\truewebsite\front-page.php on line 27 and exactly 1 expected in C:\xampp\htdocs\wordpress\wp-content\plugins\woocommerce\includes\wc-product-functions.php:26
Stack trace:
#0 C:\xampp\htdocs\wordpress\wp-content\themes\truewebsite\front-page.php(27): wc_get_products()
#1 C:\xampp\htdocs\wordpress\wp-includes\template-loader.php(78): include('C:\\xampp\\htdocs...')
#2 C:\xampp\htdocs\wordpress\wp-blog-header.php(19): require_once('C:\\xampp\\htdocs...')
#3 C:\xampp\htdocs\wordpress\index.php(17): require('C:\\xampp\\htdocs...')
#4 {main}
  thrown in C:\xampp\htdocs\wordpress\wp-content\plugins\woocommerce\includes\wc-product-functions.php on line 26

2019-06-25T13:42:22+00:00 CRITICAL Uncaught ArgumentCountError: Too few arguments to function wc_get_products(), 0 passed in C:\xampp\htdocs\wordpress\wp-content\themes\truewebsite\front-page.php on line 27 and exactly 1 expected in C:\xampp\htdocs\wordpress\wp-content\plugins\woocommerce\includes\wc-product-functions.php:26
Stack trace:
#0 C:\xampp\htdocs\wordpress\wp-content\themes\truewebsite\front-page.php(27): wc_get_products()
#1 C:\xampp\htdocs\wordpress\wp-includes\template-loader.php(78): include('C:\\xampp\\htdocs...')
#2 C:\xampp\htdocs\wordpress\wp-blog-header.php(19): require_once('C:\\xampp\\htdocs...')
#3 C:\xampp\htdocs\wordpress\index.php(17): require('C:\\xampp\\htdocs...')
#4 {main}
  thrown in C:\xampp\htdocs\wordpress\wp-content\plugins\woocommerce\includes\wc-product-functions.php on line 26

2019-06-25T13:42:22+00:00 CRITICAL Uncaught ArgumentCountError: Too few arguments to function wc_get_products(), 0 passed in C:\xampp\htdocs\wordpress\wp-content\themes\truewebsite\front-page.php on line 27 and exactly 1 expected in C:\xampp\htdocs\wordpress\wp-content\plugins\woocommerce\includes\wc-product-functions.php:26
Stack trace:
#0 C:\xampp\htdocs\wordpress\wp-content\themes\truewebsite\front-page.php(27): wc_get_products()
#1 C:\xampp\htdocs\wordpress\wp-includes\template-loader.php(78): include('C:\\xampp\\htdocs...')
#2 C:\xampp\htdocs\wordpress\wp-blog-header.php(19): require_once('C:\\xampp\\htdocs...')
#3 C:\xampp\htdocs\wordpress\index.php(17): require('C:\\xampp\\htdocs...')
#4 {main}
  thrown in C:\xampp\htdocs\wordpress\wp-content\plugins\woocommerce\includes\wc-product-functions.php on line 26

2019-06-25T13:42:23+00:00 CRITICAL Uncaught ArgumentCountError: Too few arguments to function wc_get_products(), 0 passed in C:\xampp\htdocs\wordpress\wp-content\themes\truewebsite\front-page.php on line 27 and exactly 1 expected in C:\xampp\htdocs\wordpress\wp-content\plugins\woocommerce\includes\wc-product-functions.php:26
Stack trace:
#0 C:\xampp\htdocs\wordpress\wp-content\themes\truewebsite\front-page.php(27): wc_get_products()
#1 C:\xampp\htdocs\wordpress\wp-includes\template-loader.php(78): include('C:\\xampp\\htdocs...')
#2 C:\xampp\htdocs\wordpress\wp-blog-header.php(19): require_once('C:\\xampp\\htdocs...')
#3 C:\xampp\htdocs\wordpress\index.php(17): require('C:\\xampp\\htdocs...')
#4 {main}
  thrown in C:\xampp\htdocs\wordpress\wp-content\plugins\woocommerce\includes\wc-product-functions.php on line 26

2019-06-25T13:42:23+00:00 CRITICAL Uncaught ArgumentCountError: Too few arguments to function wc_get_products(), 0 passed in C:\xampp\htdocs\wordpress\wp-content\themes\truewebsite\front-page.php on line 27 and exactly 1 expected in C:\xampp\htdocs\wordpress\wp-content\plugins\woocommerce\includes\wc-product-functions.php:26
Stack trace:
#0 C:\xampp\htdocs\wordpress\wp-content\themes\truewebsite\front-page.php(27): wc_get_products()
#1 C:\xampp\htdocs\wordpress\wp-includes\template-loader.php(78): include('C:\\xampp\\htdocs...')
#2 C:\xampp\htdocs\wordpress\wp-blog-header.php(19): require_once('C:\\xampp\\htdocs...')
#3 C:\xampp\htdocs\wordpress\index.php(17): require('C:\\xampp\\htdocs...')
#4 {main}
  thrown in C:\xampp\htdocs\wordpress\wp-content\plugins\woocommerce\includes\wc-product-functions.php on line 26

2019-06-25T13:42:24+00:00 CRITICAL Uncaught ArgumentCountError: Too few arguments to function wc_get_products(), 0 passed in C:\xampp\htdocs\wordpress\wp-content\themes\truewebsite\front-page.php on line 27 and exactly 1 expected in C:\xampp\htdocs\wordpress\wp-content\plugins\woocommerce\includes\wc-product-functions.php:26
Stack trace:
#0 C:\xampp\htdocs\wordpress\wp-content\themes\truewebsite\front-page.php(27): wc_get_products()
#1 C:\xampp\htdocs\wordpress\wp-includes\template-loader.php(78): include('C:\\xampp\\htdocs...')
#2 C:\xampp\htdocs\wordpress\wp-blog-header.php(19): require_once('C:\\xampp\\htdocs...')
#3 C:\xampp\htdocs\wordpress\index.php(17): require('C:\\xampp\\htdocs...')
#4 {main}
  thrown in C:\xampp\htdocs\wordpress\wp-content\plugins\woocommerce\includes\wc-product-functions.php on line 26

2019-06-25T13:42:24+00:00 CRITICAL Uncaught ArgumentCountError: Too few arguments to function wc_get_products(), 0 passed in C:\xampp\htdocs\wordpress\wp-content\themes\truewebsite\front-page.php on line 27 and exactly 1 expected in C:\xampp\htdocs\wordpress\wp-content\plugins\woocommerce\includes\wc-product-functions.php:26
Stack trace:
#0 C:\xampp\htdocs\wordpress\wp-content\themes\truewebsite\front-page.php(27): wc_get_products()
#1 C:\xampp\htdocs\wordpress\wp-includes\template-loader.php(78): include('C:\\xampp\\htdocs...')
#2 C:\xampp\htdocs\wordpress\wp-blog-header.php(19): require_once('C:\\xampp\\htdocs...')
#3 C:\xampp\htdocs\wordpress\index.php(17): require('C:\\xampp\\htdocs...')
#4 {main}
  thrown in C:\xampp\htdocs\wordpress\wp-content\plugins\woocommerce\includes\wc-product-functions.php on line 26

2019-06-25T13:42:24+00:00 CRITICAL Uncaught ArgumentCountError: Too few arguments to function wc_get_products(), 0 passed in C:\xampp\htdocs\wordpress\wp-content\themes\truewebsite\front-page.php on line 27 and exactly 1 expected in C:\xampp\htdocs\wordpress\wp-content\plugins\woocommerce\includes\wc-product-functions.php:26
Stack trace:
#0 C:\xampp\htdocs\wordpress\wp-content\themes\truewebsite\front-page.php(27): wc_get_products()
#1 C:\xampp\htdocs\wordpress\wp-includes\template-loader.php(78): include('C:\\xampp\\htdocs...')
#2 C:\xampp\htdocs\wordpress\wp-blog-header.php(19): require_once('C:\\xampp\\htdocs...')
#3 C:\xampp\htdocs\wordpress\index.php(17): require('C:\\xampp\\htdocs...')
#4 {main}
  thrown in C:\xampp\htdocs\wordpress\wp-content\plugins\woocommerce\includes\wc-product-functions.php on line 26

2019-06-25T13:42:24+00:00 CRITICAL Uncaught ArgumentCountError: Too few arguments to function wc_get_products(), 0 passed in C:\xampp\htdocs\wordpress\wp-content\themes\truewebsite\front-page.php on line 27 and exactly 1 expected in C:\xampp\htdocs\wordpress\wp-content\plugins\woocommerce\includes\wc-product-functions.php:26
Stack trace:
#0 C:\xampp\htdocs\wordpress\wp-content\themes\truewebsite\front-page.php(27): wc_get_products()
#1 C:\xampp\htdocs\wordpress\wp-includes\template-loader.php(78): include('C:\\xampp\\htdocs...')
#2 C:\xampp\htdocs\wordpress\wp-blog-header.php(19): require_once('C:\\xampp\\htdocs...')
#3 C:\xampp\htdocs\wordpress\index.php(17): require('C:\\xampp\\htdocs...')
#4 {main}
  thrown in C:\xampp\htdocs\wordpress\wp-content\plugins\woocommerce\includes\wc-product-functions.php on line 26

2019-06-25T13:42:25+00:00 CRITICAL Uncaught ArgumentCountError: Too few arguments to function wc_get_products(), 0 passed in C:\xampp\htdocs\wordpress\wp-content\themes\truewebsite\front-page.php on line 27 and exactly 1 expected in C:\xampp\htdocs\wordpress\wp-content\plugins\woocommerce\includes\wc-product-functions.php:26
Stack trace:
#0 C:\xampp\htdocs\wordpress\wp-content\themes\truewebsite\front-page.php(27): wc_get_products()
#1 C:\xampp\htdocs\wordpress\wp-includes\template-loader.php(78): include('C:\\xampp\\htdocs...')
#2 C:\xampp\htdocs\wordpress\wp-blog-header.php(19): require_once('C:\\xampp\\htdocs...')
#3 C:\xampp\htdocs\wordpress\index.php(17): require('C:\\xampp\\htdocs...')
#4 {main}
  thrown in C:\xampp\htdocs\wordpress\wp-content\plugins\woocommerce\includes\wc-product-functions.php on line 26

2019-06-25T13:42:25+00:00 CRITICAL Uncaught ArgumentCountError: Too few arguments to function wc_get_products(), 0 passed in C:\xampp\htdocs\wordpress\wp-content\themes\truewebsite\front-page.php on line 27 and exactly 1 expected in C:\xampp\htdocs\wordpress\wp-content\plugins\woocommerce\includes\wc-product-functions.php:26
Stack trace:
#0 C:\xampp\htdocs\wordpress\wp-content\themes\truewebsite\front-page.php(27): wc_get_products()
#1 C:\xampp\htdocs\wordpress\wp-includes\template-loader.php(78): include('C:\\xampp\\htdocs...')
#2 C:\xampp\htdocs\wordpress\wp-blog-header.php(19): require_once('C:\\xampp\\htdocs...')
#3 C:\xampp\htdocs\wordpress\index.php(17): require('C:\\xampp\\htdocs...')
#4 {main}
  thrown in C:\xampp\htdocs\wordpress\wp-content\plugins\woocommerce\includes\wc-product-functions.php on line 26

2019-06-25T13:42:26+00:00 CRITICAL Uncaught ArgumentCountError: Too few arguments to function wc_get_products(), 0 passed in C:\xampp\htdocs\wordpress\wp-content\themes\truewebsite\front-page.php on line 27 and exactly 1 expected in C:\xampp\htdocs\wordpress\wp-content\plugins\woocommerce\includes\wc-product-functions.php:26
Stack trace:
#0 C:\xampp\htdocs\wordpress\wp-content\themes\truewebsite\front-page.php(27): wc_get_products()
#1 C:\xampp\htdocs\wordpress\wp-includes\template-loader.php(78): include('C:\\xampp\\htdocs...')
#2 C:\xampp\htdocs\wordpress\wp-blog-header.php(19): require_once('C:\\xampp\\htdocs...')
#3 C:\xampp\htdocs\wordpress\index.php(17): require('C:\\xampp\\htdocs...')
#4 {main}
  thrown in C:\xampp\htdocs\wordpress\wp-content\plugins\woocommerce\includes\wc-product-functions.php on line 26

2019-06-25T13:42:26+00:00 CRITICAL Uncaught ArgumentCountError: Too few arguments to function wc_get_products(), 0 passed in C:\xampp\htdocs\wordpress\wp-content\themes\truewebsite\front-page.php on line 27 and exactly 1 expected in C:\xampp\htdocs\wordpress\wp-content\plugins\woocommerce\includes\wc-product-functions.php:26
Stack trace:
#0 C:\xampp\htdocs\wordpress\wp-content\themes\truewebsite\front-page.php(27): wc_get_products()
#1 C:\xampp\htdocs\wordpress\wp-includes\template-loader.php(78): include('C:\\xampp\\htdocs...')
#2 C:\xampp\htdocs\wordpress\wp-blog-header.php(19): require_once('C:\\xampp\\htdocs...')
#3 C:\xampp\htdocs\wordpress\index.php(17): require('C:\\xampp\\htdocs...')
#4 {main}
  thrown in C:\xampp\htdocs\wordpress\wp-content\plugins\woocommerce\includes\wc-product-functions.php on line 26

2019-06-25T13:42:27+00:00 CRITICAL Uncaught ArgumentCountError: Too few arguments to function wc_get_products(), 0 passed in C:\xampp\htdocs\wordpress\wp-content\themes\truewebsite\front-page.php on line 27 and exactly 1 expected in C:\xampp\htdocs\wordpress\wp-content\plugins\woocommerce\includes\wc-product-functions.php:26
Stack trace:
#0 C:\xampp\htdocs\wordpress\wp-content\themes\truewebsite\front-page.php(27): wc_get_products()
#1 C:\xampp\htdocs\wordpress\wp-includes\template-loader.php(78): include('C:\\xampp\\htdocs...')
#2 C:\xampp\htdocs\wordpress\wp-blog-header.php(19): require_once('C:\\xampp\\htdocs...')
#3 C:\xampp\htdocs\wordpress\index.php(17): require('C:\\xampp\\htdocs...')
#4 {main}
  thrown in C:\xampp\htdocs\wordpress\wp-content\plugins\woocommerce\includes\wc-product-functions.php on line 26

2019-06-25T13:42:27+00:00 CRITICAL Uncaught ArgumentCountError: Too few arguments to function wc_get_products(), 0 passed in C:\xampp\htdocs\wordpress\wp-content\themes\truewebsite\front-page.php on line 27 and exactly 1 expected in C:\xampp\htdocs\wordpress\wp-content\plugins\woocommerce\includes\wc-product-functions.php:26
Stack trace:
#0 C:\xampp\htdocs\wordpress\wp-content\themes\truewebsite\front-page.php(27): wc_get_products()
#1 C:\xampp\htdocs\wordpress\wp-includes\template-loader.php(78): include('C:\\xampp\\htdocs...')
#2 C:\xampp\htdocs\wordpress\wp-blog-header.php(19): require_once('C:\\xampp\\htdocs...')
#3 C:\xampp\htdocs\wordpress\index.php(17): require('C:\\xampp\\htdocs...')
#4 {main}
  thrown in C:\xampp\htdocs\wordpress\wp-content\plugins\woocommerce\includes\wc-product-functions.php on line 26

2019-06-25T13:42:28+00:00 CRITICAL Uncaught ArgumentCountError: Too few arguments to function wc_get_products(), 0 passed in C:\xampp\htdocs\wordpress\wp-content\themes\truewebsite\front-page.php on line 27 and exactly 1 expected in C:\xampp\htdocs\wordpress\wp-content\plugins\woocommerce\includes\wc-product-functions.php:26
Stack trace:
#0 C:\xampp\htdocs\wordpress\wp-content\themes\truewebsite\front-page.php(27): wc_get_products()
#1 C:\xampp\htdocs\wordpress\wp-includes\template-loader.php(78): include('C:\\xampp\\htdocs...')
#2 C:\xampp\htdocs\wordpress\wp-blog-header.php(19): require_once('C:\\xampp\\htdocs...')
#3 C:\xampp\htdocs\wordpress\index.php(17): require('C:\\xampp\\htdocs...')
#4 {main}
  thrown in C:\xampp\htdocs\wordpress\wp-content\plugins\woocommerce\includes\wc-product-functions.php on line 26

2019-06-25T13:42:28+00:00 CRITICAL Uncaught ArgumentCountError: Too few arguments to function wc_get_products(), 0 passed in C:\xampp\htdocs\wordpress\wp-content\themes\truewebsite\front-page.php on line 27 and exactly 1 expected in C:\xampp\htdocs\wordpress\wp-content\plugins\woocommerce\includes\wc-product-functions.php:26
Stack trace:
#0 C:\xampp\htdocs\wordpress\wp-content\themes\truewebsite\front-page.php(27): wc_get_products()
#1 C:\xampp\htdocs\wordpress\wp-includes\template-loader.php(78): include('C:\\xampp\\htdocs...')
#2 C:\xampp\htdocs\wordpress\wp-blog-header.php(19): require_once('C:\\xampp\\htdocs...')
#3 C:\xampp\htdocs\wordpress\index.php(17): require('C:\\xampp\\htdocs...')
#4 {main}
  thrown in C:\xampp\htdocs\wordpress\wp-content\plugins\woocommerce\includes\wc-product-functions.php on line 26

2019-06-25T13:42:29+00:00 CRITICAL Uncaught ArgumentCountError: Too few arguments to function wc_get_products(), 0 passed in C:\xampp\htdocs\wordpress\wp-content\themes\truewebsite\front-page.php on line 27 and exactly 1 expected in C:\xampp\htdocs\wordpress\wp-content\plugins\woocommerce\includes\wc-product-functions.php:26
Stack trace:
#0 C:\xampp\htdocs\wordpress\wp-content\themes\truewebsite\front-page.php(27): wc_get_products()
#1 C:\xampp\htdocs\wordpress\wp-includes\template-loader.php(78): include('C:\\xampp\\htdocs...')
#2 C:\xampp\htdocs\wordpress\wp-blog-header.php(19): require_once('C:\\xampp\\htdocs...')
#3 C:\xampp\htdocs\wordpress\index.php(17): require('C:\\xampp\\htdocs...')
#4 {main}
  thrown in C:\xampp\htdocs\wordpress\wp-content\plugins\woocommerce\includes\wc-product-functions.php on line 26

2019-06-25T13:42:30+00:00 CRITICAL Uncaught ArgumentCountError: Too few arguments to function wc_get_products(), 0 passed in C:\xampp\htdocs\wordpress\wp-content\themes\truewebsite\front-page.php on line 27 and exactly 1 expected in C:\xampp\htdocs\wordpress\wp-content\plugins\woocommerce\includes\wc-product-functions.php:26
Stack trace:
#0 C:\xampp\htdocs\wordpress\wp-content\themes\truewebsite\front-page.php(27): wc_get_products()
#1 C:\xampp\htdocs\wordpress\wp-includes\template-loader.php(78): include('C:\\xampp\\htdocs...')
#2 C:\xampp\htdocs\wordpress\wp-blog-header.php(19): require_once('C:\\xampp\\htdocs...')
#3 C:\xampp\htdocs\wordpress\index.php(17): require('C:\\xampp\\htdocs...')
#4 {main}
  thrown in C:\xampp\htdocs\wordpress\wp-content\plugins\woocommerce\includes\wc-product-functions.php on line 26

2019-06-25T13:42:31+00:00 CRITICAL Uncaught ArgumentCountError: Too few arguments to function wc_get_products(), 0 passed in C:\xampp\htdocs\wordpress\wp-content\themes\truewebsite\front-page.php on line 27 and exactly 1 expected in C:\xampp\htdocs\wordpress\wp-content\plugins\woocommerce\includes\wc-product-functions.php:26
Stack trace:
#0 C:\xampp\htdocs\wordpress\wp-content\themes\truewebsite\front-page.php(27): wc_get_products()
#1 C:\xampp\htdocs\wordpress\wp-includes\template-loader.php(78): include('C:\\xampp\\htdocs...')
#2 C:\xampp\htdocs\wordpress\wp-blog-header.php(19): require_once('C:\\xampp\\htdocs...')
#3 C:\xampp\htdocs\wordpress\index.php(17): require('C:\\xampp\\htdocs...')
#4 {main}
  thrown in C:\xampp\htdocs\wordpress\wp-content\plugins\woocommerce\includes\wc-product-functions.php on line 26

2019-06-25T13:42:31+00:00 CRITICAL Uncaught ArgumentCountError: Too few arguments to function wc_get_products(), 0 passed in C:\xampp\htdocs\wordpress\wp-content\themes\truewebsite\front-page.php on line 27 and exactly 1 expected in C:\xampp\htdocs\wordpress\wp-content\plugins\woocommerce\includes\wc-product-functions.php:26
Stack trace:
#0 C:\xampp\htdocs\wordpress\wp-content\themes\truewebsite\front-page.php(27): wc_get_products()
#1 C:\xampp\htdocs\wordpress\wp-includes\template-loader.php(78): include('C:\\xampp\\htdocs...')
#2 C:\xampp\htdocs\wordpress\wp-blog-header.php(19): require_once('C:\\xampp\\htdocs...')
#3 C:\xampp\htdocs\wordpress\index.php(17): require('C:\\xampp\\htdocs...')
#4 {main}
  thrown in C:\xampp\htdocs\wordpress\wp-content\plugins\woocommerce\includes\wc-product-functions.php on line 26

2019-06-25T13:42:32+00:00 CRITICAL Uncaught ArgumentCountError: Too few arguments to function wc_get_products(), 0 passed in C:\xampp\htdocs\wordpress\wp-content\themes\truewebsite\front-page.php on line 27 and exactly 1 expected in C:\xampp\htdocs\wordpress\wp-content\plugins\woocommerce\includes\wc-product-functions.php:26
Stack trace:
#0 C:\xampp\htdocs\wordpress\wp-content\themes\truewebsite\front-page.php(27): wc_get_products()
#1 C:\xampp\htdocs\wordpress\wp-includes\template-loader.php(78): include('C:\\xampp\\htdocs...')
#2 C:\xampp\htdocs\wordpress\wp-blog-header.php(19): require_once('C:\\xampp\\htdocs...')
#3 C:\xampp\htdocs\wordpress\index.php(17): require('C:\\xampp\\htdocs...')
#4 {main}
  thrown in C:\xampp\htdocs\wordpress\wp-content\plugins\woocommerce\includes\wc-product-functions.php on line 26

2019-06-25T13:42:32+00:00 CRITICAL Uncaught ArgumentCountError: Too few arguments to function wc_get_products(), 0 passed in C:\xampp\htdocs\wordpress\wp-content\themes\truewebsite\front-page.php on line 27 and exactly 1 expected in C:\xampp\htdocs\wordpress\wp-content\plugins\woocommerce\includes\wc-product-functions.php:26
Stack trace:
#0 C:\xampp\htdocs\wordpress\wp-content\themes\truewebsite\front-page.php(27): wc_get_products()
#1 C:\xampp\htdocs\wordpress\wp-includes\template-loader.php(78): include('C:\\xampp\\htdocs...')
#2 C:\xampp\htdocs\wordpress\wp-blog-header.php(19): require_once('C:\\xampp\\htdocs...')
#3 C:\xampp\htdocs\wordpress\index.php(17): require('C:\\xampp\\htdocs...')
#4 {main}
  thrown in C:\xampp\htdocs\wordpress\wp-content\plugins\woocommerce\includes\wc-product-functions.php on line 26

2019-06-25T13:42:33+00:00 CRITICAL Uncaught ArgumentCountError: Too few arguments to function wc_get_products(), 0 passed in C:\xampp\htdocs\wordpress\wp-content\themes\truewebsite\front-page.php on line 27 and exactly 1 expected in C:\xampp\htdocs\wordpress\wp-content\plugins\woocommerce\includes\wc-product-functions.php:26
Stack trace:
#0 C:\xampp\htdocs\wordpress\wp-content\themes\truewebsite\front-page.php(27): wc_get_products()
#1 C:\xampp\htdocs\wordpress\wp-includes\template-loader.php(78): include('C:\\xampp\\htdocs...')
#2 C:\xampp\htdocs\wordpress\wp-blog-header.php(19): require_once('C:\\xampp\\htdocs...')
#3 C:\xampp\htdocs\wordpress\index.php(17): require('C:\\xampp\\htdocs...')
#4 {main}
  thrown in C:\xampp\htdocs\wordpress\wp-content\plugins\woocommerce\includes\wc-product-functions.php on line 26

2019-06-25T13:42:33+00:00 CRITICAL Uncaught ArgumentCountError: Too few arguments to function wc_get_products(), 0 passed in C:\xampp\htdocs\wordpress\wp-content\themes\truewebsite\front-page.php on line 27 and exactly 1 expected in C:\xampp\htdocs\wordpress\wp-content\plugins\woocommerce\includes\wc-product-functions.php:26
Stack trace:
#0 C:\xampp\htdocs\wordpress\wp-content\themes\truewebsite\front-page.php(27): wc_get_products()
#1 C:\xampp\htdocs\wordpress\wp-includes\template-loader.php(78): include('C:\\xampp\\htdocs...')
#2 C:\xampp\htdocs\wordpress\wp-blog-header.php(19): require_once('C:\\xampp\\htdocs...')
#3 C:\xampp\htdocs\wordpress\index.php(17): require('C:\\xampp\\htdocs...')
#4 {main}
  thrown in C:\xampp\htdocs\wordpress\wp-content\plugins\woocommerce\includes\wc-product-functions.php on line 26

2019-06-25T13:42:34+00:00 CRITICAL Uncaught ArgumentCountError: Too few arguments to function wc_get_products(), 0 passed in C:\xampp\htdocs\wordpress\wp-content\themes\truewebsite\front-page.php on line 27 and exactly 1 expected in C:\xampp\htdocs\wordpress\wp-content\plugins\woocommerce\includes\wc-product-functions.php:26
Stack trace:
#0 C:\xampp\htdocs\wordpress\wp-content\themes\truewebsite\front-page.php(27): wc_get_products()
#1 C:\xampp\htdocs\wordpress\wp-includes\template-loader.php(78): include('C:\\xampp\\htdocs...')
#2 C:\xampp\htdocs\wordpress\wp-blog-header.php(19): require_once('C:\\xampp\\htdocs...')
#3 C:\xampp\htdocs\wordpress\index.php(17): require('C:\\xampp\\htdocs...')
#4 {main}
  thrown in C:\xampp\htdocs\wordpress\wp-content\plugins\woocommerce\includes\wc-product-functions.php on line 26

2019-06-25T13:42:34+00:00 CRITICAL Uncaught ArgumentCountError: Too few arguments to function wc_get_products(), 0 passed in C:\xampp\htdocs\wordpress\wp-content\themes\truewebsite\front-page.php on line 27 and exactly 1 expected in C:\xampp\htdocs\wordpress\wp-content\plugins\woocommerce\includes\wc-product-functions.php:26
Stack trace:
#0 C:\xampp\htdocs\wordpress\wp-content\themes\truewebsite\front-page.php(27): wc_get_products()
#1 C:\xampp\htdocs\wordpress\wp-includes\template-loader.php(78): include('C:\\xampp\\htdocs...')
#2 C:\xampp\htdocs\wordpress\wp-blog-header.php(19): require_once('C:\\xampp\\htdocs...')
#3 C:\xampp\htdocs\wordpress\index.php(17): require('C:\\xampp\\htdocs...')
#4 {main}
  thrown in C:\xampp\htdocs\wordpress\wp-content\plugins\woocommerce\includes\wc-product-functions.php on line 26

2019-06-25T13:42:34+00:00 CRITICAL Uncaught ArgumentCountError: Too few arguments to function wc_get_products(), 0 passed in C:\xampp\htdocs\wordpress\wp-content\themes\truewebsite\front-page.php on line 27 and exactly 1 expected in C:\xampp\htdocs\wordpress\wp-content\plugins\woocommerce\includes\wc-product-functions.php:26
Stack trace:
#0 C:\xampp\htdocs\wordpress\wp-content\themes\truewebsite\front-page.php(27): wc_get_products()
#1 C:\xampp\htdocs\wordpress\wp-includes\template-loader.php(78): include('C:\\xampp\\htdocs...')
#2 C:\xampp\htdocs\wordpress\wp-blog-header.php(19): require_once('C:\\xampp\\htdocs...')
#3 C:\xampp\htdocs\wordpress\index.php(17): require('C:\\xampp\\htdocs...')
#4 {main}
  thrown in C:\xampp\htdocs\wordpress\wp-content\plugins\woocommerce\includes\wc-product-functions.php on line 26

2019-06-25T13:42:35+00:00 CRITICAL Uncaught ArgumentCountError: Too few arguments to function wc_get_products(), 0 passed in C:\xampp\htdocs\wordpress\wp-content\themes\truewebsite\front-page.php on line 27 and exactly 1 expected in C:\xampp\htdocs\wordpress\wp-content\plugins\woocommerce\includes\wc-product-functions.php:26
Stack trace:
#0 C:\xampp\htdocs\wordpress\wp-content\themes\truewebsite\front-page.php(27): wc_get_products()
#1 C:\xampp\htdocs\wordpress\wp-includes\template-loader.php(78): include('C:\\xampp\\htdocs...')
#2 C:\xampp\htdocs\wordpress\wp-blog-header.php(19): require_once('C:\\xampp\\htdocs...')
#3 C:\xampp\htdocs\wordpress\index.php(17): require('C:\\xampp\\htdocs...')
#4 {main}
  thrown in C:\xampp\htdocs\wordpress\wp-content\plugins\woocommerce\includes\wc-product-functions.php on line 26

2019-06-25T13:42:35+00:00 CRITICAL Uncaught ArgumentCountError: Too few arguments to function wc_get_products(), 0 passed in C:\xampp\htdocs\wordpress\wp-content\themes\truewebsite\front-page.php on line 27 and exactly 1 expected in C:\xampp\htdocs\wordpress\wp-content\plugins\woocommerce\includes\wc-product-functions.php:26
Stack trace:
#0 C:\xampp\htdocs\wordpress\wp-content\themes\truewebsite\front-page.php(27): wc_get_products()
#1 C:\xampp\htdocs\wordpress\wp-includes\template-loader.php(78): include('C:\\xampp\\htdocs...')
#2 C:\xampp\htdocs\wordpress\wp-blog-header.php(19): require_once('C:\\xampp\\htdocs...')
#3 C:\xampp\htdocs\wordpress\index.php(17): require('C:\\xampp\\htdocs...')
#4 {main}
  thrown in C:\xampp\htdocs\wordpress\wp-content\plugins\woocommerce\includes\wc-product-functions.php on line 26

2019-06-25T13:42:35+00:00 CRITICAL Uncaught ArgumentCountError: Too few arguments to function wc_get_products(), 0 passed in C:\xampp\htdocs\wordpress\wp-content\themes\truewebsite\front-page.php on line 27 and exactly 1 expected in C:\xampp\htdocs\wordpress\wp-content\plugins\woocommerce\includes\wc-product-functions.php:26
Stack trace:
#0 C:\xampp\htdocs\wordpress\wp-content\themes\truewebsite\front-page.php(27): wc_get_products()
#1 C:\xampp\htdocs\wordpress\wp-includes\template-loader.php(78): include('C:\\xampp\\htdocs...')
#2 C:\xampp\htdocs\wordpress\wp-blog-header.php(19): require_once('C:\\xampp\\htdocs...')
#3 C:\xampp\htdocs\wordpress\index.php(17): require('C:\\xampp\\htdocs...')
#4 {main}
  thrown in C:\xampp\htdocs\wordpress\wp-content\plugins\woocommerce\includes\wc-product-functions.php on line 26

2019-06-25T13:42:36+00:00 CRITICAL Uncaught ArgumentCountError: Too few arguments to function wc_get_products(), 0 passed in C:\xampp\htdocs\wordpress\wp-content\themes\truewebsite\front-page.php on line 27 and exactly 1 expected in C:\xampp\htdocs\wordpress\wp-content\plugins\woocommerce\includes\wc-product-functions.php:26
Stack trace:
#0 C:\xampp\htdocs\wordpress\wp-content\themes\truewebsite\front-page.php(27): wc_get_products()
#1 C:\xampp\htdocs\wordpress\wp-includes\template-loader.php(78): include('C:\\xampp\\htdocs...')
#2 C:\xampp\htdocs\wordpress\wp-blog-header.php(19): require_once('C:\\xampp\\htdocs...')
#3 C:\xampp\htdocs\wordpress\index.php(17): require('C:\\xampp\\htdocs...')
#4 {main}
  thrown in C:\xampp\htdocs\wordpress\wp-content\plugins\woocommerce\includes\wc-product-functions.php on line 26

2019-06-25T13:42:36+00:00 CRITICAL Uncaught ArgumentCountError: Too few arguments to function wc_get_products(), 0 passed in C:\xampp\htdocs\wordpress\wp-content\themes\truewebsite\front-page.php on line 27 and exactly 1 expected in C:\xampp\htdocs\wordpress\wp-content\plugins\woocommerce\includes\wc-product-functions.php:26
Stack trace:
#0 C:\xampp\htdocs\wordpress\wp-content\themes\truewebsite\front-page.php(27): wc_get_products()
#1 C:\xampp\htdocs\wordpress\wp-includes\template-loader.php(78): include('C:\\xampp\\htdocs...')
#2 C:\xampp\htdocs\wordpress\wp-blog-header.php(19): require_once('C:\\xampp\\htdocs...')
#3 C:\xampp\htdocs\wordpress\index.php(17): require('C:\\xampp\\htdocs...')
#4 {main}
  thrown in C:\xampp\htdocs\wordpress\wp-content\plugins\woocommerce\includes\wc-product-functions.php on line 26

2019-06-25T13:42:36+00:00 CRITICAL Uncaught ArgumentCountError: Too few arguments to function wc_get_products(), 0 passed in C:\xampp\htdocs\wordpress\wp-content\themes\truewebsite\front-page.php on line 27 and exactly 1 expected in C:\xampp\htdocs\wordpress\wp-content\plugins\woocommerce\includes\wc-product-functions.php:26
Stack trace:
#0 C:\xampp\htdocs\wordpress\wp-content\themes\truewebsite\front-page.php(27): wc_get_products()
#1 C:\xampp\htdocs\wordpress\wp-includes\template-loader.php(78): include('C:\\xampp\\htdocs...')
#2 C:\xampp\htdocs\wordpress\wp-blog-header.php(19): require_once('C:\\xampp\\htdocs...')
#3 C:\xampp\htdocs\wordpress\index.php(17): require('C:\\xampp\\htdocs...')
#4 {main}
  thrown in C:\xampp\htdocs\wordpress\wp-content\plugins\woocommerce\includes\wc-product-functions.php on line 26

2019-06-25T13:42:36+00:00 CRITICAL Uncaught ArgumentCountError: Too few arguments to function wc_get_products(), 0 passed in C:\xampp\htdocs\wordpress\wp-content\themes\truewebsite\front-page.php on line 27 and exactly 1 expected in C:\xampp\htdocs\wordpress\wp-content\plugins\woocommerce\includes\wc-product-functions.php:26
Stack trace:
#0 C:\xampp\htdocs\wordpress\wp-content\themes\truewebsite\front-page.php(27): wc_get_products()
#1 C:\xampp\htdocs\wordpress\wp-includes\template-loader.php(78): include('C:\\xampp\\htdocs...')
#2 C:\xampp\htdocs\wordpress\wp-blog-header.php(19): require_once('C:\\xampp\\htdocs...')
#3 C:\xampp\htdocs\wordpress\index.php(17): require('C:\\xampp\\htdocs...')
#4 {main}
  thrown in C:\xampp\htdocs\wordpress\wp-content\plugins\woocommerce\includes\wc-product-functions.php on line 26

2019-06-25T13:42:37+00:00 CRITICAL Uncaught ArgumentCountError: Too few arguments to function wc_get_products(), 0 passed in C:\xampp\htdocs\wordpress\wp-content\themes\truewebsite\front-page.php on line 27 and exactly 1 expected in C:\xampp\htdocs\wordpress\wp-content\plugins\woocommerce\includes\wc-product-functions.php:26
Stack trace:
#0 C:\xampp\htdocs\wordpress\wp-content\themes\truewebsite\front-page.php(27): wc_get_products()
#1 C:\xampp\htdocs\wordpress\wp-includes\template-loader.php(78): include('C:\\xampp\\htdocs...')
#2 C:\xampp\htdocs\wordpress\wp-blog-header.php(19): require_once('C:\\xampp\\htdocs...')
#3 C:\xampp\htdocs\wordpress\index.php(17): require('C:\\xampp\\htdocs...')
#4 {main}
  thrown in C:\xampp\htdocs\wordpress\wp-content\plugins\woocommerce\includes\wc-product-functions.php on line 26

2019-06-25T13:42:37+00:00 CRITICAL Uncaught ArgumentCountError: Too few arguments to function wc_get_products(), 0 passed in C:\xampp\htdocs\wordpress\wp-content\themes\truewebsite\front-page.php on line 27 and exactly 1 expected in C:\xampp\htdocs\wordpress\wp-content\plugins\woocommerce\includes\wc-product-functions.php:26
Stack trace:
#0 C:\xampp\htdocs\wordpress\wp-content\themes\truewebsite\front-page.php(27): wc_get_products()
#1 C:\xampp\htdocs\wordpress\wp-includes\template-loader.php(78): include('C:\\xampp\\htdocs...')
#2 C:\xampp\htdocs\wordpress\wp-blog-header.php(19): require_once('C:\\xampp\\htdocs...')
#3 C:\xampp\htdocs\wordpress\index.php(17): require('C:\\xampp\\htdocs...')
#4 {main}
  thrown in C:\xampp\htdocs\wordpress\wp-content\plugins\woocommerce\includes\wc-product-functions.php on line 26

2019-06-25T13:42:38+00:00 CRITICAL Uncaught ArgumentCountError: Too few arguments to function wc_get_products(), 0 passed in C:\xampp\htdocs\wordpress\wp-content\themes\truewebsite\front-page.php on line 27 and exactly 1 expected in C:\xampp\htdocs\wordpress\wp-content\plugins\woocommerce\includes\wc-product-functions.php:26
Stack trace:
#0 C:\xampp\htdocs\wordpress\wp-content\themes\truewebsite\front-page.php(27): wc_get_products()
#1 C:\xampp\htdocs\wordpress\wp-includes\template-loader.php(78): include('C:\\xampp\\htdocs...')
#2 C:\xampp\htdocs\wordpress\wp-blog-header.php(19): require_once('C:\\xampp\\htdocs...')
#3 C:\xampp\htdocs\wordpress\index.php(17): require('C:\\xampp\\htdocs...')
#4 {main}
  thrown in C:\xampp\htdocs\wordpress\wp-content\plugins\woocommerce\includes\wc-product-functions.php on line 26

2019-06-25T13:42:38+00:00 CRITICAL Uncaught ArgumentCountError: Too few arguments to function wc_get_products(), 0 passed in C:\xampp\htdocs\wordpress\wp-content\themes\truewebsite\front-page.php on line 27 and exactly 1 expected in C:\xampp\htdocs\wordpress\wp-content\plugins\woocommerce\includes\wc-product-functions.php:26
Stack trace:
#0 C:\xampp\htdocs\wordpress\wp-content\themes\truewebsite\front-page.php(27): wc_get_products()
#1 C:\xampp\htdocs\wordpress\wp-includes\template-loader.php(78): include('C:\\xampp\\htdocs...')
#2 C:\xampp\htdocs\wordpress\wp-blog-header.php(19): require_once('C:\\xampp\\htdocs...')
#3 C:\xampp\htdocs\wordpress\index.php(17): require('C:\\xampp\\htdocs...')
#4 {main}
  thrown in C:\xampp\htdocs\wordpress\wp-content\plugins\woocommerce\includes\wc-product-functions.php on line 26

2019-06-25T13:42:39+00:00 CRITICAL Uncaught ArgumentCountError: Too few arguments to function wc_get_products(), 0 passed in C:\xampp\htdocs\wordpress\wp-content\themes\truewebsite\front-page.php on line 27 and exactly 1 expected in C:\xampp\htdocs\wordpress\wp-content\plugins\woocommerce\includes\wc-product-functions.php:26
Stack trace:
#0 C:\xampp\htdocs\wordpress\wp-content\themes\truewebsite\front-page.php(27): wc_get_products()
#1 C:\xampp\htdocs\wordpress\wp-includes\template-loader.php(78): include('C:\\xampp\\htdocs...')
#2 C:\xampp\htdocs\wordpress\wp-blog-header.php(19): require_once('C:\\xampp\\htdocs...')
#3 C:\xampp\htdocs\wordpress\index.php(17): require('C:\\xampp\\htdocs...')
#4 {main}
  thrown in C:\xampp\htdocs\wordpress\wp-content\plugins\woocommerce\includes\wc-product-functions.php on line 26

2019-06-25T13:42:39+00:00 CRITICAL Uncaught ArgumentCountError: Too few arguments to function wc_get_products(), 0 passed in C:\xampp\htdocs\wordpress\wp-content\themes\truewebsite\front-page.php on line 27 and exactly 1 expected in C:\xampp\htdocs\wordpress\wp-content\plugins\woocommerce\includes\wc-product-functions.php:26
Stack trace:
#0 C:\xampp\htdocs\wordpress\wp-content\themes\truewebsite\front-page.php(27): wc_get_products()
#1 C:\xampp\htdocs\wordpress\wp-includes\template-loader.php(78): include('C:\\xampp\\htdocs...')
#2 C:\xampp\htdocs\wordpress\wp-blog-header.php(19): require_once('C:\\xampp\\htdocs...')
#3 C:\xampp\htdocs\wordpress\index.php(17): require('C:\\xampp\\htdocs...')
#4 {main}
  thrown in C:\xampp\htdocs\wordpress\wp-content\plugins\woocommerce\includes\wc-product-functions.php on line 26

2019-06-25T13:42:39+00:00 CRITICAL Uncaught ArgumentCountError: Too few arguments to function wc_get_products(), 0 passed in C:\xampp\htdocs\wordpress\wp-content\themes\truewebsite\front-page.php on line 27 and exactly 1 expected in C:\xampp\htdocs\wordpress\wp-content\plugins\woocommerce\includes\wc-product-functions.php:26
Stack trace:
#0 C:\xampp\htdocs\wordpress\wp-content\themes\truewebsite\front-page.php(27): wc_get_products()
#1 C:\xampp\htdocs\wordpress\wp-includes\template-loader.php(78): include('C:\\xampp\\htdocs...')
#2 C:\xampp\htdocs\wordpress\wp-blog-header.php(19): require_once('C:\\xampp\\htdocs...')
#3 C:\xampp\htdocs\wordpress\index.php(17): require('C:\\xampp\\htdocs...')
#4 {main}
  thrown in C:\xampp\htdocs\wordpress\wp-content\plugins\woocommerce\includes\wc-product-functions.php on line 26

2019-06-25T13:42:39+00:00 CRITICAL Uncaught ArgumentCountError: Too few arguments to function wc_get_products(), 0 passed in C:\xampp\htdocs\wordpress\wp-content\themes\truewebsite\front-page.php on line 27 and exactly 1 expected in C:\xampp\htdocs\wordpress\wp-content\plugins\woocommerce\includes\wc-product-functions.php:26
Stack trace:
#0 C:\xampp\htdocs\wordpress\wp-content\themes\truewebsite\front-page.php(27): wc_get_products()
#1 C:\xampp\htdocs\wordpress\wp-includes\template-loader.php(78): include('C:\\xampp\\htdocs...')
#2 C:\xampp\htdocs\wordpress\wp-blog-header.php(19): require_once('C:\\xampp\\htdocs...')
#3 C:\xampp\htdocs\wordpress\index.php(17): require('C:\\xampp\\htdocs...')
#4 {main}
  thrown in C:\xampp\htdocs\wordpress\wp-content\plugins\woocommerce\includes\wc-product-functions.php on line 26

2019-06-25T13:42:40+00:00 CRITICAL Uncaught ArgumentCountError: Too few arguments to function wc_get_products(), 0 passed in C:\xampp\htdocs\wordpress\wp-content\themes\truewebsite\front-page.php on line 27 and exactly 1 expected in C:\xampp\htdocs\wordpress\wp-content\plugins\woocommerce\includes\wc-product-functions.php:26
Stack trace:
#0 C:\xampp\htdocs\wordpress\wp-content\themes\truewebsite\front-page.php(27): wc_get_products()
#1 C:\xampp\htdocs\wordpress\wp-includes\template-loader.php(78): include('C:\\xampp\\htdocs...')
#2 C:\xampp\htdocs\wordpress\wp-blog-header.php(19): require_once('C:\\xampp\\htdocs...')
#3 C:\xampp\htdocs\wordpress\index.php(17): require('C:\\xampp\\htdocs...')
#4 {main}
  thrown in C:\xampp\htdocs\wordpress\wp-content\plugins\woocommerce\includes\wc-product-functions.php on line 26

2019-06-25T13:42:40+00:00 CRITICAL Uncaught ArgumentCountError: Too few arguments to function wc_get_products(), 0 passed in C:\xampp\htdocs\wordpress\wp-content\themes\truewebsite\front-page.php on line 27 and exactly 1 expected in C:\xampp\htdocs\wordpress\wp-content\plugins\woocommerce\includes\wc-product-functions.php:26
Stack trace:
#0 C:\xampp\htdocs\wordpress\wp-content\themes\truewebsite\front-page.php(27): wc_get_products()
#1 C:\xampp\htdocs\wordpress\wp-includes\template-loader.php(78): include('C:\\xampp\\htdocs...')
#2 C:\xampp\htdocs\wordpress\wp-blog-header.php(19): require_once('C:\\xampp\\htdocs...')
#3 C:\xampp\htdocs\wordpress\index.php(17): require('C:\\xampp\\htdocs...')
#4 {main}
  thrown in C:\xampp\htdocs\wordpress\wp-content\plugins\woocommerce\includes\wc-product-functions.php on line 26

2019-06-25T13:42:41+00:00 CRITICAL Uncaught ArgumentCountError: Too few arguments to function wc_get_products(), 0 passed in C:\xampp\htdocs\wordpress\wp-content\themes\truewebsite\front-page.php on line 27 and exactly 1 expected in C:\xampp\htdocs\wordpress\wp-content\plugins\woocommerce\includes\wc-product-functions.php:26
Stack trace:
#0 C:\xampp\htdocs\wordpress\wp-content\themes\truewebsite\front-page.php(27): wc_get_products()
#1 C:\xampp\htdocs\wordpress\wp-includes\template-loader.php(78): include('C:\\xampp\\htdocs...')
#2 C:\xampp\htdocs\wordpress\wp-blog-header.php(19): require_once('C:\\xampp\\htdocs...')
#3 C:\xampp\htdocs\wordpress\index.php(17): require('C:\\xampp\\htdocs...')
#4 {main}
  thrown in C:\xampp\htdocs\wordpress\wp-content\plugins\woocommerce\includes\wc-product-functions.php on line 26

2019-06-25T13:42:41+00:00 CRITICAL Uncaught ArgumentCountError: Too few arguments to function wc_get_products(), 0 passed in C:\xampp\htdocs\wordpress\wp-content\themes\truewebsite\front-page.php on line 27 and exactly 1 expected in C:\xampp\htdocs\wordpress\wp-content\plugins\woocommerce\includes\wc-product-functions.php:26
Stack trace:
#0 C:\xampp\htdocs\wordpress\wp-content\themes\truewebsite\front-page.php(27): wc_get_products()
#1 C:\xampp\htdocs\wordpress\wp-includes\template-loader.php(78): include('C:\\xampp\\htdocs...')
#2 C:\xampp\htdocs\wordpress\wp-blog-header.php(19): require_once('C:\\xampp\\htdocs...')
#3 C:\xampp\htdocs\wordpress\index.php(17): require('C:\\xampp\\htdocs...')
#4 {main}
  thrown in C:\xampp\htdocs\wordpress\wp-content\plugins\woocommerce\includes\wc-product-functions.php on line 26

2019-06-25T13:42:42+00:00 CRITICAL Uncaught ArgumentCountError: Too few arguments to function wc_get_products(), 0 passed in C:\xampp\htdocs\wordpress\wp-content\themes\truewebsite\front-page.php on line 27 and exactly 1 expected in C:\xampp\htdocs\wordpress\wp-content\plugins\woocommerce\includes\wc-product-functions.php:26
Stack trace:
#0 C:\xampp\htdocs\wordpress\wp-content\themes\truewebsite\front-page.php(27): wc_get_products()
#1 C:\xampp\htdocs\wordpress\wp-includes\template-loader.php(78): include('C:\\xampp\\htdocs...')
#2 C:\xampp\htdocs\wordpress\wp-blog-header.php(19): require_once('C:\\xampp\\htdocs...')
#3 C:\xampp\htdocs\wordpress\index.php(17): require('C:\\xampp\\htdocs...')
#4 {main}
  thrown in C:\xampp\htdocs\wordpress\wp-content\plugins\woocommerce\includes\wc-product-functions.php on line 26

2019-06-25T13:50:11+00:00 CRITICAL Out of memory (allocated 2097152) (tried to allocate 32768 bytes) in C:\xampp\htdocs\wordpress\wp-content\plugins\woocommerce\includes\wc-template-functions.php on line 870

2019-06-25T13:50:27+00:00 CRITICAL Out of memory (allocated 2097152) (tried to allocate 32768 bytes) in C:\xampp\htdocs\wordpress\wp-content\plugins\woocommerce\includes\wc-template-functions.php on line 870

2019-06-25T14:31:49+00:00 CRITICAL Out of memory (allocated 2097152) (tried to allocate 1835008 bytes) in C:\xampp\htdocs\wordpress\wp-content\plugins\woocommerce\includes\wc-template-functions.php on line 528

2019-06-25T14:31:49+00:00 CRITICAL Out of memory (allocated 25165824) (tried to allocate 32768 bytes) in C:\xampp\htdocs\wordpress\wp-content\plugins\woocommerce\includes\wc-template-functions.php on line 870

2019-06-25T14:31:49+00:00 CRITICAL Out of memory (allocated 2097152) (tried to allocate 1835008 bytes) in C:\xampp\htdocs\wordpress\wp-content\plugins\woocommerce\includes\wc-template-functions.php on line 528

2019-06-25T14:31:49+00:00 CRITICAL Out of memory (allocated 2097152) (tried to allocate 1835008 bytes) in C:\xampp\htdocs\wordpress\wp-content\plugins\woocommerce\includes\wc-template-functions.php on line 528

2019-06-25T14:31:49+00:00 CRITICAL Out of memory (allocated 2097152) (tried to allocate 1835008 bytes) in C:\xampp\htdocs\wordpress\wp-content\plugins\woocommerce\includes\wc-template-functions.php on line 528

2019-06-25T14:31:49+00:00 CRITICAL Out of memory (allocated 6291456) (tried to allocate 32768 bytes) in C:\xampp\htdocs\wordpress\wp-content\plugins\woocommerce\includes\wc-template-functions.php on line 870

2019-06-25T14:31:49+00:00 CRITICAL Out of memory (allocated 2097152) (tried to allocate 1835008 bytes) in C:\xampp\htdocs\wordpress\wp-content\plugins\woocommerce\includes\wc-template-functions.php on line 528

2019-06-25T14:31:49+00:00 CRITICAL Out of memory (allocated 10485760) (tried to allocate 32768 bytes) in C:\xampp\htdocs\wordpress\wp-content\plugins\woocommerce\includes\wc-template-functions.php on line 870


